<?xml version="1.0" encoding="UTF-8"?>
<testsuites>
  <testsuite name="C:\laragon\www\Web-Based-Intelligent-Conflict-Detection-and-Recommendation-System-for-Academic-Scheduling\backend\phpunit.xml" tests="264" assertions="593" errors="0" failures="127" skipped="0" time="61.279781">
    <testsuite name="Feature" tests="264" assertions="593" errors="0" failures="127" skipped="0" time="61.279781">
      <testsuite name="Tests\Feature\ActivityLogTest" file="C:\laragon\www\Web-Based-Intelligent-Conflict-Detection-and-Recommendation-System-for-Academic-Scheduling\backend\tests\Feature\ActivityLogTest.php" tests="3" assertions="16" errors="0" failures="0" skipped="0" time="2.067128">
        <testcase name="test_only_vpaa_can_read_activity_log" file="C:\laragon\www\Web-Based-Intelligent-Conflict-Detection-and-Recommendation-System-for-Academic-Scheduling\backend\tests\Feature\ActivityLogTest.php" line="16" class="Tests\Feature\ActivityLogTest" classname="Tests.Feature.ActivityLogTest" assertions="1" time="1.726379"/>
        <testcase name="test_vpaa_receives_normalized_combined_activity_newest_first" file="C:\laragon\www\Web-Based-Intelligent-Conflict-Detection-and-Recommendation-System-for-Academic-Scheduling\backend\tests\Feature\ActivityLogTest.php" line="25" class="Tests\Feature\ActivityLogTest" classname="Tests.Feature.ActivityLogTest" assertions="7" time="0.124967"/>
        <testcase name="test_activity_log_filters_and_exports_csv" file="C:\laragon\www\Web-Based-Intelligent-Conflict-Detection-and-Recommendation-System-for-Academic-Scheduling\backend\tests\Feature\ActivityLogTest.php" line="63" class="Tests\Feature\ActivityLogTest" classname="Tests.Feature.ActivityLogTest" assertions="8" time="0.215782"/>
      </testsuite>
      <testsuite name="Tests\Feature\ArchiveTest" file="C:\laragon\www\Web-Based-Intelligent-Conflict-Detection-and-Recommendation-System-for-Academic-Scheduling\backend\tests\Feature\ArchiveTest.php" tests="3" assertions="3" errors="0" failures="2" skipped="0" time="1.070502">
        <testcase name="test_domain_delete_archives_and_vpaa_can_restore_the_record" file="C:\laragon\www\Web-Based-Intelligent-Conflict-Detection-and-Recommendation-System-for-Academic-Scheduling\backend\tests\Feature\ArchiveTest.php" line="15" class="Tests\Feature\ArchiveTest" classname="Tests.Feature.ArchiveTest" assertions="1" time="0.526186">
          <failure type="PHPUnit\Framework\ExpectationFailedException">Tests\Feature\ArchiveTest::test_domain_delete_archives_and_vpaa_can_restore_the_record&#13;
Expected response status code [200] but received 403.
Failed asserting that 403 is identical to 200.
&#13;
C:\laragon\www\Web-Based-Intelligent-Conflict-Detection-and-Recommendation-System-for-Academic-Scheduling\backend\vendor\laravel\framework\src\Illuminate\Testing\TestResponseAssert.php:45
C:\laragon\www\Web-Based-Intelligent-Conflict-Detection-and-Recommendation-System-for-Academic-Scheduling\backend\vendor\laravel\framework\src\Illuminate\Testing\TestResponse.php:175
C:\laragon\www\Web-Based-Intelligent-Conflict-Detection-and-Recommendation-System-for-Academic-Scheduling\backend\vendor\laravel\framework\src\Illuminate\Testing\Concerns\AssertsStatusCodes.php:16
C:\laragon\www\Web-Based-Intelligent-Conflict-Detection-and-Recommendation-System-for-Academic-Scheduling\backend\tests\Feature\ArchiveTest.php:30</failure>
        </testcase>
        <testcase name="test_non_vpaa_cannot_access_the_archive" file="C:\laragon\www\Web-Based-Intelligent-Conflict-Detection-and-Recommendation-System-for-Academic-Scheduling\backend\tests\Feature\ArchiveTest.php" line="50" class="Tests\Feature\ArchiveTest" classname="Tests.Feature.ArchiveTest" assertions="1" time="0.194516"/>
        <testcase name="test_archiving_a_user_preserves_the_linked_faculty_profile" file="C:\laragon\www\Web-Based-Intelligent-Conflict-Detection-and-Recommendation-System-for-Academic-Scheduling\backend\tests\Feature\ArchiveTest.php" line="59" class="Tests\Feature\ArchiveTest" classname="Tests.Feature.ArchiveTest" assertions="1" time="0.349800">
          <failure type="PHPUnit\Framework\ExpectationFailedException">Tests\Feature\ArchiveTest::test_archiving_a_user_preserves_the_linked_faculty_profile&#13;
Expected response status code [201] but received 422.
Failed asserting that 422 is identical to 201.&#13;
&#13;
The following errors occurred during the last request:&#13;
&#13;
{
    "message": "The first name field is required. (and 1 more error)",
    "errors": {
        "first_name": [
            "The first name field is required."
        ],
        "last_name": [
            "The last name field is required."
        ]
    }
}
&#13;
C:\laragon\www\Web-Based-Intelligent-Conflict-Detection-and-Recommendation-System-for-Academic-Scheduling\backend\vendor\laravel\framework\src\Illuminate\Testing\TestResponseAssert.php:45
C:\laragon\www\Web-Based-Intelligent-Conflict-Detection-and-Recommendation-System-for-Academic-Scheduling\backend\vendor\laravel\framework\src\Illuminate\Testing\TestResponse.php:175
C:\laragon\www\Web-Based-Intelligent-Conflict-Detection-and-Recommendation-System-for-Academic-Scheduling\backend\vendor\laravel\framework\src\Illuminate\Testing\Concerns\AssertsStatusCodes.php:26
C:\laragon\www\Web-Based-Intelligent-Conflict-Detection-and-Recommendation-System-for-Academic-Scheduling\backend\tests\Feature\ArchiveTest.php:74</failure>
        </testcase>
      </testsuite>
      <testsuite name="Tests\Feature\AuthenticationWorkflowTest" file="C:\laragon\www\Web-Based-Intelligent-Conflict-Detection-and-Recommendation-System-for-Academic-Scheduling\backend\tests\Feature\AuthenticationWorkflowTest.php" tests="5" assertions="14" errors="0" failures="1" skipped="0" time="1.383192">
        <testcase name="test_active_user_can_login_with_username_or_email" file="C:\laragon\www\Web-Based-Intelligent-Conflict-Detection-and-Recommendation-System-for-Academic-Scheduling\backend\tests\Feature\AuthenticationWorkflowTest.php" line="19" class="Tests\Feature\AuthenticationWorkflowTest" classname="Tests.Feature.AuthenticationWorkflowTest" assertions="3" time="0.298046"/>
        <testcase name="test_inactive_user_cannot_login" file="C:\laragon\www\Web-Based-Intelligent-Conflict-Detection-and-Recommendation-System-for-Academic-Scheduling\backend\tests\Feature\AuthenticationWorkflowTest.php" line="35" class="Tests\Feature\AuthenticationWorkflowTest" classname="Tests.Feature.AuthenticationWorkflowTest" assertions="1" time="0.226963"/>
        <testcase name="test_vpaa_can_create_and_disable_a_google_enabled_user" file="C:\laragon\www\Web-Based-Intelligent-Conflict-Detection-and-Recommendation-System-for-Academic-Scheduling\backend\tests\Feature\AuthenticationWorkflowTest.php" line="43" class="Tests\Feature\AuthenticationWorkflowTest" classname="Tests.Feature.AuthenticationWorkflowTest" assertions="1" time="0.204500">
          <failure type="PHPUnit\Framework\ExpectationFailedException">Tests\Feature\AuthenticationWorkflowTest::test_vpaa_can_create_and_disable_a_google_enabled_user&#13;
Expected response status code [201] but received 422.
Failed asserting that 422 is identical to 201.&#13;
&#13;
The following errors occurred during the last request:&#13;
&#13;
{
    "message": "The first name field is required. (and 1 more error)",
    "errors": {
        "first_name": [
            "The first name field is required."
        ],
        "last_name": [
            "The last name field is required."
        ]
    }
}
&#13;
C:\laragon\www\Web-Based-Intelligent-Conflict-Detection-and-Recommendation-System-for-Academic-Scheduling\backend\vendor\laravel\framework\src\Illuminate\Testing\TestResponseAssert.php:45
C:\laragon\www\Web-Based-Intelligent-Conflict-Detection-and-Recommendation-System-for-Academic-Scheduling\backend\vendor\laravel\framework\src\Illuminate\Testing\TestResponse.php:175
C:\laragon\www\Web-Based-Intelligent-Conflict-Detection-and-Recommendation-System-for-Academic-Scheduling\backend\vendor\laravel\framework\src\Illuminate\Testing\Concerns\AssertsStatusCodes.php:26
C:\laragon\www\Web-Based-Intelligent-Conflict-Detection-and-Recommendation-System-for-Academic-Scheduling\backend\tests\Feature\AuthenticationWorkflowTest.php:61</failure>
        </testcase>
        <testcase name="test_google_login_links_the_preapproved_email_and_uses_one_time_exchange" file="C:\laragon\www\Web-Based-Intelligent-Conflict-Detection-and-Recommendation-System-for-Academic-Scheduling\backend\tests\Feature\AuthenticationWorkflowTest.php" line="93" class="Tests\Feature\AuthenticationWorkflowTest" classname="Tests.Feature.AuthenticationWorkflowTest" assertions="6" time="0.273849"/>
        <testcase name="test_forgot_password_has_generic_response" file="C:\laragon\www\Web-Based-Intelligent-Conflict-Detection-and-Recommendation-System-for-Academic-Scheduling\backend\tests\Feature\AuthenticationWorkflowTest.php" line="129" class="Tests\Feature\AuthenticationWorkflowTest" classname="Tests.Feature.AuthenticationWorkflowTest" assertions="3" time="0.379834"/>
      </testsuite>
      <testsuite name="Tests\Feature\BatchConflictValidatorTest" file="C:\laragon\www\Web-Based-Intelligent-Conflict-Detection-and-Recommendation-System-for-Academic-Scheduling\backend\tests\Feature\BatchConflictValidatorTest.php" tests="11" assertions="15" errors="0" failures="0" skipped="0" time="1.879628">
        <testcase name="test_no_conflicts_for_non_overlapping_rows" file="C:\laragon\www\Web-Based-Intelligent-Conflict-Detection-and-Recommendation-System-for-Academic-Scheduling\backend\tests\Feature\BatchConflictValidatorTest.php" line="42" class="Tests\Feature\BatchConflictValidatorTest" classname="Tests.Feature.BatchConflictValidatorTest" assertions="1" time="0.196163"/>
        <testcase name="test_detects_section_conflict_between_overlapping_rows" file="C:\laragon\www\Web-Based-Intelligent-Conflict-Detection-and-Recommendation-System-for-Academic-Scheduling\backend\tests\Feature\BatchConflictValidatorTest.php" line="55" class="Tests\Feature\BatchConflictValidatorTest" classname="Tests.Feature.BatchConflictValidatorTest" assertions="1" time="0.169283"/>
        <testcase name="test_detects_room_conflict_for_exclusive_room_across_sections" file="C:\laragon\www\Web-Based-Intelligent-Conflict-Detection-and-Recommendation-System-for-Academic-Scheduling\backend\tests\Feature\BatchConflictValidatorTest.php" line="68" class="Tests\Feature\BatchConflictValidatorTest" classname="Tests.Feature.BatchConflictValidatorTest" assertions="2" time="0.158650"/>
        <testcase name="test_detects_faculty_conflict_across_sections" file="C:\laragon\www\Web-Based-Intelligent-Conflict-Detection-and-Recommendation-System-for-Academic-Scheduling\backend\tests\Feature\BatchConflictValidatorTest.php" line="84" class="Tests\Feature\BatchConflictValidatorTest" classname="Tests.Feature.BatchConflictValidatorTest" assertions="1" time="0.178471"/>
        <testcase name="test_detects_same_course_online_for_two_sections_at_once" file="C:\laragon\www\Web-Based-Intelligent-Conflict-Detection-and-Recommendation-System-for-Academic-Scheduling\backend\tests\Feature\BatchConflictValidatorTest.php" line="104" class="Tests\Feature\BatchConflictValidatorTest" classname="Tests.Feature.BatchConflictValidatorTest" assertions="1" time="0.173786"/>
        <testcase name="test_shared_field_room_is_not_a_collision_across_departments" file="C:\laragon\www\Web-Based-Intelligent-Conflict-Detection-and-Recommendation-System-for-Academic-Scheduling\backend\tests\Feature\BatchConflictValidatorTest.php" line="118" class="Tests\Feature\BatchConflictValidatorTest" classname="Tests.Feature.BatchConflictValidatorTest" assertions="1" time="0.165524"/>
        <testcase name="test_reports_room_capacity_conflict_once_the_department_limit_is_exceeded" file="C:\laragon\www\Web-Based-Intelligent-Conflict-Detection-and-Recommendation-System-for-Academic-Scheduling\backend\tests\Feature\BatchConflictValidatorTest.php" line="141" class="Tests\Feature\BatchConflictValidatorTest" classname="Tests.Feature.BatchConflictValidatorTest" assertions="2" time="0.175954"/>
        <testcase name="test_counts_persisted_rows_against_shared_room_capacity" file="C:\laragon\www\Web-Based-Intelligent-Conflict-Detection-and-Recommendation-System-for-Academic-Scheduling\backend\tests\Feature\BatchConflictValidatorTest.php" line="176" class="Tests\Feature\BatchConflictValidatorTest" classname="Tests.Feature.BatchConflictValidatorTest" assertions="2" time="0.190007"/>
        <testcase name="test_ignored_schedule_ids_are_excluded_from_online_capacity_counting" file="C:\laragon\www\Web-Based-Intelligent-Conflict-Detection-and-Recommendation-System-for-Academic-Scheduling\backend\tests\Feature\BatchConflictValidatorTest.php" line="220" class="Tests\Feature\BatchConflictValidatorTest" classname="Tests.Feature.BatchConflictValidatorTest" assertions="2" time="0.172507"/>
        <testcase name="test_accepts_subject_id_as_an_alias_for_course_id" file="C:\laragon\www\Web-Based-Intelligent-Conflict-Detection-and-Recommendation-System-for-Academic-Scheduling\backend\tests\Feature\BatchConflictValidatorTest.php" line="245" class="Tests\Feature\BatchConflictValidatorTest" classname="Tests.Feature.BatchConflictValidatorTest" assertions="1" time="0.161197"/>
        <testcase name="test_empty_payload_yields_no_conflicts" file="C:\laragon\www\Web-Based-Intelligent-Conflict-Detection-and-Recommendation-System-for-Academic-Scheduling\backend\tests\Feature\BatchConflictValidatorTest.php" line="262" class="Tests\Feature\BatchConflictValidatorTest" classname="Tests.Feature.BatchConflictValidatorTest" assertions="1" time="0.138086"/>
      </testsuite>
      <testsuite name="Tests\Feature\CourseTeachingAssignmentTest" file="C:\laragon\www\Web-Based-Intelligent-Conflict-Detection-and-Recommendation-System-for-Academic-Scheduling\backend\tests\Feature\CourseTeachingAssignmentTest.php" tests="18" assertions="23" errors="0" failures="17" skipped="0" time="3.646865">
        <testcase name="test_a_secretary_assigns_a_service_course_to_another_college" file="C:\laragon\www\Web-Based-Intelligent-Conflict-Detection-and-Recommendation-System-for-Academic-Scheduling\backend\tests\Feature\CourseTeachingAssignmentTest.php" line="40" class="Tests\Feature\CourseTeachingAssignmentTest" classname="Tests.Feature.CourseTeachingAssignmentTest" assertions="1" time="0.247732">
          <failure type="PHPUnit\Framework\ExpectationFailedException">Tests\Feature\CourseTeachingAssignmentTest::test_a_secretary_assigns_a_service_course_to_another_college&#13;
Expected response status code [200] but received 403.
Failed asserting that 403 is identical to 200.
&#13;
C:\laragon\www\Web-Based-Intelligent-Conflict-Detection-and-Recommendation-System-for-Academic-Scheduling\backend\vendor\laravel\framework\src\Illuminate\Testing\TestResponseAssert.php:45
C:\laragon\www\Web-Based-Intelligent-Conflict-Detection-and-Recommendation-System-for-Academic-Scheduling\backend\vendor\laravel\framework\src\Illuminate\Testing\TestResponse.php:175
C:\laragon\www\Web-Based-Intelligent-Conflict-Detection-and-Recommendation-System-for-Academic-Scheduling\backend\vendor\laravel\framework\src\Illuminate\Testing\Concerns\AssertsStatusCodes.php:16
C:\laragon\www\Web-Based-Intelligent-Conflict-Detection-and-Recommendation-System-for-Academic-Scheduling\backend\tests\Feature\CourseTeachingAssignmentTest.php:48</failure>
        </testcase>
        <testcase name="test_a_program_head_may_manage_the_same_assignment" file="C:\laragon\www\Web-Based-Intelligent-Conflict-Detection-and-Recommendation-System-for-Academic-Scheduling\backend\tests\Feature\CourseTeachingAssignmentTest.php" line="62" class="Tests\Feature\CourseTeachingAssignmentTest" classname="Tests.Feature.CourseTeachingAssignmentTest" assertions="1" time="0.193544">
          <failure type="PHPUnit\Framework\ExpectationFailedException">Tests\Feature\CourseTeachingAssignmentTest::test_a_program_head_may_manage_the_same_assignment&#13;
Expected response status code [200] but received 403.
Failed asserting that 403 is identical to 200.
&#13;
C:\laragon\www\Web-Based-Intelligent-Conflict-Detection-and-Recommendation-System-for-Academic-Scheduling\backend\vendor\laravel\framework\src\Illuminate\Testing\TestResponseAssert.php:45
C:\laragon\www\Web-Based-Intelligent-Conflict-Detection-and-Recommendation-System-for-Academic-Scheduling\backend\vendor\laravel\framework\src\Illuminate\Testing\TestResponse.php:175
C:\laragon\www\Web-Based-Intelligent-Conflict-Detection-and-Recommendation-System-for-Academic-Scheduling\backend\vendor\laravel\framework\src\Illuminate\Testing\Concerns\AssertsStatusCodes.php:16
C:\laragon\www\Web-Based-Intelligent-Conflict-Detection-and-Recommendation-System-for-Academic-Scheduling\backend\tests\Feature\CourseTeachingAssignmentTest.php:72</failure>
        </testcase>
        <testcase name="test_the_listing_includes_programs_from_receiving_departments" file="C:\laragon\www\Web-Based-Intelligent-Conflict-Detection-and-Recommendation-System-for-Academic-Scheduling\backend\tests\Feature\CourseTeachingAssignmentTest.php" line="83" class="Tests\Feature\CourseTeachingAssignmentTest" classname="Tests.Feature.CourseTeachingAssignmentTest" assertions="1" time="0.216646">
          <failure type="PHPUnit\Framework\ExpectationFailedException">Tests\Feature\CourseTeachingAssignmentTest::test_the_listing_includes_programs_from_receiving_departments&#13;
Expected response status code [200] but received 403.
Failed asserting that 403 is identical to 200.
&#13;
C:\laragon\www\Web-Based-Intelligent-Conflict-Detection-and-Recommendation-System-for-Academic-Scheduling\backend\vendor\laravel\framework\src\Illuminate\Testing\TestResponseAssert.php:45
C:\laragon\www\Web-Based-Intelligent-Conflict-Detection-and-Recommendation-System-for-Academic-Scheduling\backend\vendor\laravel\framework\src\Illuminate\Testing\TestResponse.php:175
C:\laragon\www\Web-Based-Intelligent-Conflict-Detection-and-Recommendation-System-for-Academic-Scheduling\backend\vendor\laravel\framework\src\Illuminate\Testing\Concerns\AssertsStatusCodes.php:16
C:\laragon\www\Web-Based-Intelligent-Conflict-Detection-and-Recommendation-System-for-Academic-Scheduling\backend\tests\Feature\CourseTeachingAssignmentTest.php:94</failure>
        </testcase>
        <testcase name="test_no_other_role_may_manage_teaching_assignments" file="C:\laragon\www\Web-Based-Intelligent-Conflict-Detection-and-Recommendation-System-for-Academic-Scheduling\backend\tests\Feature\CourseTeachingAssignmentTest.php" line="102" class="Tests\Feature\CourseTeachingAssignmentTest" classname="Tests.Feature.CourseTeachingAssignmentTest" assertions="5" time="0.212826"/>
        <testcase name="test_any_secretary_may_decide_who_teaches_a_course_another_college_owns" file="C:\laragon\www\Web-Based-Intelligent-Conflict-Detection-and-Recommendation-System-for-Academic-Scheduling\backend\tests\Feature\CourseTeachingAssignmentTest.php" line="125" class="Tests\Feature\CourseTeachingAssignmentTest" classname="Tests.Feature.CourseTeachingAssignmentTest" assertions="1" time="0.194359">
          <failure type="PHPUnit\Framework\ExpectationFailedException">Tests\Feature\CourseTeachingAssignmentTest::test_any_secretary_may_decide_who_teaches_a_course_another_college_owns&#13;
Expected response status code [200] but received 403.
Failed asserting that 403 is identical to 200.
&#13;
C:\laragon\www\Web-Based-Intelligent-Conflict-Detection-and-Recommendation-System-for-Academic-Scheduling\backend\vendor\laravel\framework\src\Illuminate\Testing\TestResponseAssert.php:45
C:\laragon\www\Web-Based-Intelligent-Conflict-Detection-and-Recommendation-System-for-Academic-Scheduling\backend\vendor\laravel\framework\src\Illuminate\Testing\TestResponse.php:175
C:\laragon\www\Web-Based-Intelligent-Conflict-Detection-and-Recommendation-System-for-Academic-Scheduling\backend\vendor\laravel\framework\src\Illuminate\Testing\Concerns\AssertsStatusCodes.php:16
C:\laragon\www\Web-Based-Intelligent-Conflict-Detection-and-Recommendation-System-for-Academic-Scheduling\backend\tests\Feature\CourseTeachingAssignmentTest.php:133</failure>
        </testcase>
        <testcase name="test_a_major_cannot_be_handed_to_another_college" file="C:\laragon\www\Web-Based-Intelligent-Conflict-Detection-and-Recommendation-System-for-Academic-Scheduling\backend\tests\Feature\CourseTeachingAssignmentTest.php" line="138" class="Tests\Feature\CourseTeachingAssignmentTest" classname="Tests.Feature.CourseTeachingAssignmentTest" assertions="1" time="0.193446">
          <failure type="PHPUnit\Framework\ExpectationFailedException">Tests\Feature\CourseTeachingAssignmentTest::test_a_major_cannot_be_handed_to_another_college&#13;
Expected response status code [422] but received 403.
Failed asserting that 403 is identical to 422.
&#13;
C:\laragon\www\Web-Based-Intelligent-Conflict-Detection-and-Recommendation-System-for-Academic-Scheduling\backend\vendor\laravel\framework\src\Illuminate\Testing\TestResponseAssert.php:45
C:\laragon\www\Web-Based-Intelligent-Conflict-Detection-and-Recommendation-System-for-Academic-Scheduling\backend\vendor\laravel\framework\src\Illuminate\Testing\TestResponse.php:175
C:\laragon\www\Web-Based-Intelligent-Conflict-Detection-and-Recommendation-System-for-Academic-Scheduling\backend\tests\Feature\CourseTeachingAssignmentTest.php:146</failure>
        </testcase>
        <testcase name="test_a_minor_that_no_college_teaches_by_default_can_be_delegated" file="C:\laragon\www\Web-Based-Intelligent-Conflict-Detection-and-Recommendation-System-for-Academic-Scheduling\backend\tests\Feature\CourseTeachingAssignmentTest.php" line="152" class="Tests\Feature\CourseTeachingAssignmentTest" classname="Tests.Feature.CourseTeachingAssignmentTest" assertions="2" time="0.186314">
          <failure type="PHPUnit\Framework\ExpectationFailedException">Tests\Feature\CourseTeachingAssignmentTest::test_a_minor_that_no_college_teaches_by_default_can_be_delegated&#13;
Expected response status code [200] but received 403.
Failed asserting that 403 is identical to 200.
&#13;
C:\laragon\www\Web-Based-Intelligent-Conflict-Detection-and-Recommendation-System-for-Academic-Scheduling\backend\vendor\laravel\framework\src\Illuminate\Testing\TestResponseAssert.php:45
C:\laragon\www\Web-Based-Intelligent-Conflict-Detection-and-Recommendation-System-for-Academic-Scheduling\backend\vendor\laravel\framework\src\Illuminate\Testing\TestResponse.php:175
C:\laragon\www\Web-Based-Intelligent-Conflict-Detection-and-Recommendation-System-for-Academic-Scheduling\backend\vendor\laravel\framework\src\Illuminate\Testing\Concerns\AssertsStatusCodes.php:16
C:\laragon\www\Web-Based-Intelligent-Conflict-Detection-and-Recommendation-System-for-Academic-Scheduling\backend\tests\Feature\CourseTeachingAssignmentTest.php:164</failure>
        </testcase>
        <testcase name="test_removing_the_assignment_hands_the_course_back_to_its_owner" file="C:\laragon\www\Web-Based-Intelligent-Conflict-Detection-and-Recommendation-System-for-Academic-Scheduling\backend\tests\Feature\CourseTeachingAssignmentTest.php" line="168" class="Tests\Feature\CourseTeachingAssignmentTest" classname="Tests.Feature.CourseTeachingAssignmentTest" assertions="1" time="0.207891">
          <failure type="PHPUnit\Framework\ExpectationFailedException">Tests\Feature\CourseTeachingAssignmentTest::test_removing_the_assignment_hands_the_course_back_to_its_owner&#13;
Expected response status code [200] but received 403.
Failed asserting that 403 is identical to 200.
&#13;
C:\laragon\www\Web-Based-Intelligent-Conflict-Detection-and-Recommendation-System-for-Academic-Scheduling\backend\vendor\laravel\framework\src\Illuminate\Testing\TestResponseAssert.php:45
C:\laragon\www\Web-Based-Intelligent-Conflict-Detection-and-Recommendation-System-for-Academic-Scheduling\backend\vendor\laravel\framework\src\Illuminate\Testing\TestResponse.php:175
C:\laragon\www\Web-Based-Intelligent-Conflict-Detection-and-Recommendation-System-for-Academic-Scheduling\backend\vendor\laravel\framework\src\Illuminate\Testing\Concerns\AssertsStatusCodes.php:16
C:\laragon\www\Web-Based-Intelligent-Conflict-Detection-and-Recommendation-System-for-Academic-Scheduling\backend\tests\Feature\CourseTeachingAssignmentTest.php:175</failure>
        </testcase>
        <testcase name="test_a_null_teaching_department_clears_the_assignment" file="C:\laragon\www\Web-Based-Intelligent-Conflict-Detection-and-Recommendation-System-for-Academic-Scheduling\backend\tests\Feature\CourseTeachingAssignmentTest.php" line="185" class="Tests\Feature\CourseTeachingAssignmentTest" classname="Tests.Feature.CourseTeachingAssignmentTest" assertions="1" time="0.202145">
          <failure type="PHPUnit\Framework\ExpectationFailedException">Tests\Feature\CourseTeachingAssignmentTest::test_a_null_teaching_department_clears_the_assignment&#13;
Expected response status code [200] but received 403.
Failed asserting that 403 is identical to 200.
&#13;
C:\laragon\www\Web-Based-Intelligent-Conflict-Detection-and-Recommendation-System-for-Academic-Scheduling\backend\vendor\laravel\framework\src\Illuminate\Testing\TestResponseAssert.php:45
C:\laragon\www\Web-Based-Intelligent-Conflict-Detection-and-Recommendation-System-for-Academic-Scheduling\backend\vendor\laravel\framework\src\Illuminate\Testing\TestResponse.php:175
C:\laragon\www\Web-Based-Intelligent-Conflict-Detection-and-Recommendation-System-for-Academic-Scheduling\backend\vendor\laravel\framework\src\Illuminate\Testing\Concerns\AssertsStatusCodes.php:16
C:\laragon\www\Web-Based-Intelligent-Conflict-Detection-and-Recommendation-System-for-Academic-Scheduling\backend\tests\Feature\CourseTeachingAssignmentTest.php:196</failure>
        </testcase>
        <testcase name="test_an_unknown_college_is_refused" file="C:\laragon\www\Web-Based-Intelligent-Conflict-Detection-and-Recommendation-System-for-Academic-Scheduling\backend\tests\Feature\CourseTeachingAssignmentTest.php" line="202" class="Tests\Feature\CourseTeachingAssignmentTest" classname="Tests.Feature.CourseTeachingAssignmentTest" assertions="1" time="0.186921">
          <failure type="PHPUnit\Framework\ExpectationFailedException">Tests\Feature\CourseTeachingAssignmentTest::test_an_unknown_college_is_refused&#13;
Expected response status code [422] but received 403.
Failed asserting that 403 is identical to 422.
&#13;
C:\laragon\www\Web-Based-Intelligent-Conflict-Detection-and-Recommendation-System-for-Academic-Scheduling\backend\vendor\laravel\framework\src\Illuminate\Testing\TestResponseAssert.php:45
C:\laragon\www\Web-Based-Intelligent-Conflict-Detection-and-Recommendation-System-for-Academic-Scheduling\backend\vendor\laravel\framework\src\Illuminate\Testing\TestResponse.php:175
C:\laragon\www\Web-Based-Intelligent-Conflict-Detection-and-Recommendation-System-for-Academic-Scheduling\backend\tests\Feature\CourseTeachingAssignmentTest.php:210</failure>
        </testcase>
        <testcase name="test_the_listing_names_the_colleges_and_flags_what_may_be_delegated" file="C:\laragon\www\Web-Based-Intelligent-Conflict-Detection-and-Recommendation-System-for-Academic-Scheduling\backend\tests\Feature\CourseTeachingAssignmentTest.php" line="214" class="Tests\Feature\CourseTeachingAssignmentTest" classname="Tests.Feature.CourseTeachingAssignmentTest" assertions="1" time="0.193251">
          <failure type="PHPUnit\Framework\ExpectationFailedException">Tests\Feature\CourseTeachingAssignmentTest::test_the_listing_names_the_colleges_and_flags_what_may_be_delegated&#13;
Expected response status code [200] but received 403.
Failed asserting that 403 is identical to 200.
&#13;
C:\laragon\www\Web-Based-Intelligent-Conflict-Detection-and-Recommendation-System-for-Academic-Scheduling\backend\vendor\laravel\framework\src\Illuminate\Testing\TestResponseAssert.php:45
C:\laragon\www\Web-Based-Intelligent-Conflict-Detection-and-Recommendation-System-for-Academic-Scheduling\backend\vendor\laravel\framework\src\Illuminate\Testing\TestResponse.php:175
C:\laragon\www\Web-Based-Intelligent-Conflict-Detection-and-Recommendation-System-for-Academic-Scheduling\backend\vendor\laravel\framework\src\Illuminate\Testing\Concerns\AssertsStatusCodes.php:16
C:\laragon\www\Web-Based-Intelligent-Conflict-Detection-and-Recommendation-System-for-Academic-Scheduling\backend\tests\Feature\CourseTeachingAssignmentTest.php:221</failure>
        </testcase>
        <testcase name="test_the_listing_leaves_out_another_colleges_courses" file="C:\laragon\www\Web-Based-Intelligent-Conflict-Detection-and-Recommendation-System-for-Academic-Scheduling\backend\tests\Feature\CourseTeachingAssignmentTest.php" line="251" class="Tests\Feature\CourseTeachingAssignmentTest" classname="Tests.Feature.CourseTeachingAssignmentTest" assertions="1" time="0.197830">
          <failure type="PHPUnit\Framework\ExpectationFailedException">Tests\Feature\CourseTeachingAssignmentTest::test_the_listing_leaves_out_another_colleges_courses&#13;
Expected response status code [200] but received 403.
Failed asserting that 403 is identical to 200.
&#13;
C:\laragon\www\Web-Based-Intelligent-Conflict-Detection-and-Recommendation-System-for-Academic-Scheduling\backend\vendor\laravel\framework\src\Illuminate\Testing\TestResponseAssert.php:45
C:\laragon\www\Web-Based-Intelligent-Conflict-Detection-and-Recommendation-System-for-Academic-Scheduling\backend\vendor\laravel\framework\src\Illuminate\Testing\TestResponse.php:175
C:\laragon\www\Web-Based-Intelligent-Conflict-Detection-and-Recommendation-System-for-Academic-Scheduling\backend\vendor\laravel\framework\src\Illuminate\Testing\Concerns\AssertsStatusCodes.php:16
C:\laragon\www\Web-Based-Intelligent-Conflict-Detection-and-Recommendation-System-for-Academic-Scheduling\backend\tests\Feature\CourseTeachingAssignmentTest.php:259</failure>
        </testcase>
        <testcase name="test_an_active_curriculum_scopes_the_listing_and_sets_each_year_level" file="C:\laragon\www\Web-Based-Intelligent-Conflict-Detection-and-Recommendation-System-for-Academic-Scheduling\backend\tests\Feature\CourseTeachingAssignmentTest.php" line="274" class="Tests\Feature\CourseTeachingAssignmentTest" classname="Tests.Feature.CourseTeachingAssignmentTest" assertions="1" time="0.195474">
          <failure type="PHPUnit\Framework\ExpectationFailedException">Tests\Feature\CourseTeachingAssignmentTest::test_an_active_curriculum_scopes_the_listing_and_sets_each_year_level&#13;
Expected response status code [200] but received 403.
Failed asserting that 403 is identical to 200.
&#13;
C:\laragon\www\Web-Based-Intelligent-Conflict-Detection-and-Recommendation-System-for-Academic-Scheduling\backend\vendor\laravel\framework\src\Illuminate\Testing\TestResponseAssert.php:45
C:\laragon\www\Web-Based-Intelligent-Conflict-Detection-and-Recommendation-System-for-Academic-Scheduling\backend\vendor\laravel\framework\src\Illuminate\Testing\TestResponse.php:175
C:\laragon\www\Web-Based-Intelligent-Conflict-Detection-and-Recommendation-System-for-Academic-Scheduling\backend\vendor\laravel\framework\src\Illuminate\Testing\Concerns\AssertsStatusCodes.php:16
C:\laragon\www\Web-Based-Intelligent-Conflict-Detection-and-Recommendation-System-for-Academic-Scheduling\backend\tests\Feature\CourseTeachingAssignmentTest.php:287</failure>
        </testcase>
        <testcase name="test_an_archived_curriculum_does_not_scope_the_listing" file="C:\laragon\www\Web-Based-Intelligent-Conflict-Detection-and-Recommendation-System-for-Academic-Scheduling\backend\tests\Feature\CourseTeachingAssignmentTest.php" line="305" class="Tests\Feature\CourseTeachingAssignmentTest" classname="Tests.Feature.CourseTeachingAssignmentTest" assertions="1" time="0.190752">
          <failure type="PHPUnit\Framework\ExpectationFailedException">Tests\Feature\CourseTeachingAssignmentTest::test_an_archived_curriculum_does_not_scope_the_listing&#13;
Expected response status code [200] but received 403.
Failed asserting that 403 is identical to 200.
&#13;
C:\laragon\www\Web-Based-Intelligent-Conflict-Detection-and-Recommendation-System-for-Academic-Scheduling\backend\vendor\laravel\framework\src\Illuminate\Testing\TestResponseAssert.php:45
C:\laragon\www\Web-Based-Intelligent-Conflict-Detection-and-Recommendation-System-for-Academic-Scheduling\backend\vendor\laravel\framework\src\Illuminate\Testing\TestResponse.php:175
C:\laragon\www\Web-Based-Intelligent-Conflict-Detection-and-Recommendation-System-for-Academic-Scheduling\backend\vendor\laravel\framework\src\Illuminate\Testing\Concerns\AssertsStatusCodes.php:16
C:\laragon\www\Web-Based-Intelligent-Conflict-Detection-and-Recommendation-System-for-Academic-Scheduling\backend\tests\Feature\CourseTeachingAssignmentTest.php:313</failure>
        </testcase>
        <testcase name="test_a_course_delegated_to_the_department_is_reported_as_incoming_not_offered" file="C:\laragon\www\Web-Based-Intelligent-Conflict-Detection-and-Recommendation-System-for-Academic-Scheduling\backend\tests\Feature\CourseTeachingAssignmentTest.php" line="327" class="Tests\Feature\CourseTeachingAssignmentTest" classname="Tests.Feature.CourseTeachingAssignmentTest" assertions="1" time="0.218388">
          <failure type="PHPUnit\Framework\ExpectationFailedException">Tests\Feature\CourseTeachingAssignmentTest::test_a_course_delegated_to_the_department_is_reported_as_incoming_not_offered&#13;
Expected response status code [200] but received 403.
Failed asserting that 403 is identical to 200.
&#13;
C:\laragon\www\Web-Based-Intelligent-Conflict-Detection-and-Recommendation-System-for-Academic-Scheduling\backend\vendor\laravel\framework\src\Illuminate\Testing\TestResponseAssert.php:45
C:\laragon\www\Web-Based-Intelligent-Conflict-Detection-and-Recommendation-System-for-Academic-Scheduling\backend\vendor\laravel\framework\src\Illuminate\Testing\TestResponse.php:175
C:\laragon\www\Web-Based-Intelligent-Conflict-Detection-and-Recommendation-System-for-Academic-Scheduling\backend\vendor\laravel\framework\src\Illuminate\Testing\Concerns\AssertsStatusCodes.php:16
C:\laragon\www\Web-Based-Intelligent-Conflict-Detection-and-Recommendation-System-for-Academic-Scheduling\backend\tests\Feature\CourseTeachingAssignmentTest.php:335</failure>
        </testcase>
        <testcase name="test_a_course_outside_the_curriculum_is_not_listed" file="C:\laragon\www\Web-Based-Intelligent-Conflict-Detection-and-Recommendation-System-for-Academic-Scheduling\backend\tests\Feature\CourseTeachingAssignmentTest.php" line="349" class="Tests\Feature\CourseTeachingAssignmentTest" classname="Tests.Feature.CourseTeachingAssignmentTest" assertions="1" time="0.198143">
          <failure type="PHPUnit\Framework\ExpectationFailedException">Tests\Feature\CourseTeachingAssignmentTest::test_a_course_outside_the_curriculum_is_not_listed&#13;
Expected response status code [200] but received 403.
Failed asserting that 403 is identical to 200.
&#13;
C:\laragon\www\Web-Based-Intelligent-Conflict-Detection-and-Recommendation-System-for-Academic-Scheduling\backend\vendor\laravel\framework\src\Illuminate\Testing\TestResponseAssert.php:45
C:\laragon\www\Web-Based-Intelligent-Conflict-Detection-and-Recommendation-System-for-Academic-Scheduling\backend\vendor\laravel\framework\src\Illuminate\Testing\TestResponse.php:175
C:\laragon\www\Web-Based-Intelligent-Conflict-Detection-and-Recommendation-System-for-Academic-Scheduling\backend\vendor\laravel\framework\src\Illuminate\Testing\Concerns\AssertsStatusCodes.php:16
C:\laragon\www\Web-Based-Intelligent-Conflict-Detection-and-Recommendation-System-for-Academic-Scheduling\backend\tests\Feature\CourseTeachingAssignmentTest.php:357</failure>
        </testcase>
        <testcase name="test_a_department_with_no_active_curriculum_is_offered_nothing" file="C:\laragon\www\Web-Based-Intelligent-Conflict-Detection-and-Recommendation-System-for-Academic-Scheduling\backend\tests\Feature\CourseTeachingAssignmentTest.php" line="370" class="Tests\Feature\CourseTeachingAssignmentTest" classname="Tests.Feature.CourseTeachingAssignmentTest" assertions="1" time="0.206082">
          <failure type="PHPUnit\Framework\ExpectationFailedException">Tests\Feature\CourseTeachingAssignmentTest::test_a_department_with_no_active_curriculum_is_offered_nothing&#13;
Expected response status code [200] but received 403.
Failed asserting that 403 is identical to 200.
&#13;
C:\laragon\www\Web-Based-Intelligent-Conflict-Detection-and-Recommendation-System-for-Academic-Scheduling\backend\vendor\laravel\framework\src\Illuminate\Testing\TestResponseAssert.php:45
C:\laragon\www\Web-Based-Intelligent-Conflict-Detection-and-Recommendation-System-for-Academic-Scheduling\backend\vendor\laravel\framework\src\Illuminate\Testing\TestResponse.php:175
C:\laragon\www\Web-Based-Intelligent-Conflict-Detection-and-Recommendation-System-for-Academic-Scheduling\backend\vendor\laravel\framework\src\Illuminate\Testing\Concerns\AssertsStatusCodes.php:16
C:\laragon\www\Web-Based-Intelligent-Conflict-Detection-and-Recommendation-System-for-Academic-Scheduling\backend\tests\Feature\CourseTeachingAssignmentTest.php:377</failure>
        </testcase>
        <testcase name="test_an_account_without_a_department_cannot_list_courses" file="C:\laragon\www\Web-Based-Intelligent-Conflict-Detection-and-Recommendation-System-for-Academic-Scheduling\backend\tests\Feature\CourseTeachingAssignmentTest.php" line="383" class="Tests\Feature\CourseTeachingAssignmentTest" classname="Tests.Feature.CourseTeachingAssignmentTest" assertions="1" time="0.205121">
          <failure type="PHPUnit\Framework\ExpectationFailedException">Tests\Feature\CourseTeachingAssignmentTest::test_an_account_without_a_department_cannot_list_courses&#13;
Expected response status code [422] but received 403.
Failed asserting that 403 is identical to 422.
&#13;
C:\laragon\www\Web-Based-Intelligent-Conflict-Detection-and-Recommendation-System-for-Academic-Scheduling\backend\vendor\laravel\framework\src\Illuminate\Testing\TestResponseAssert.php:45
C:\laragon\www\Web-Based-Intelligent-Conflict-Detection-and-Recommendation-System-for-Academic-Scheduling\backend\vendor\laravel\framework\src\Illuminate\Testing\TestResponse.php:175
C:\laragon\www\Web-Based-Intelligent-Conflict-Detection-and-Recommendation-System-for-Academic-Scheduling\backend\tests\Feature\CourseTeachingAssignmentTest.php:390</failure>
        </testcase>
      </testsuite>
      <testsuite name="Tests\Feature\CrossDepartmentInstructorAssignmentTest" file="C:\laragon\www\Web-Based-Intelligent-Conflict-Detection-and-Recommendation-System-for-Academic-Scheduling\backend\tests\Feature\CrossDepartmentInstructorAssignmentTest.php" tests="16" assertions="23" errors="0" failures="13" skipped="0" time="3.543712">
        <testcase name="test_the_teaching_college_sees_the_offering_it_must_assign" file="C:\laragon\www\Web-Based-Intelligent-Conflict-Detection-and-Recommendation-System-for-Academic-Scheduling\backend\tests\Feature\CrossDepartmentInstructorAssignmentTest.php" line="31" class="Tests\Feature\CrossDepartmentInstructorAssignmentTest" classname="Tests.Feature.CrossDepartmentInstructorAssignmentTest" assertions="1" time="0.271395">
          <failure type="PHPUnit\Framework\ExpectationFailedException">Tests\Feature\CrossDepartmentInstructorAssignmentTest::test_the_teaching_college_sees_the_offering_it_must_assign&#13;
Expected response status code [200] but received 403.
Failed asserting that 403 is identical to 200.
&#13;
C:\laragon\www\Web-Based-Intelligent-Conflict-Detection-and-Recommendation-System-for-Academic-Scheduling\backend\vendor\laravel\framework\src\Illuminate\Testing\TestResponseAssert.php:45
C:\laragon\www\Web-Based-Intelligent-Conflict-Detection-and-Recommendation-System-for-Academic-Scheduling\backend\vendor\laravel\framework\src\Illuminate\Testing\TestResponse.php:175
C:\laragon\www\Web-Based-Intelligent-Conflict-Detection-and-Recommendation-System-for-Academic-Scheduling\backend\vendor\laravel\framework\src\Illuminate\Testing\Concerns\AssertsStatusCodes.php:16
C:\laragon\www\Web-Based-Intelligent-Conflict-Detection-and-Recommendation-System-for-Academic-Scheduling\backend\tests\Feature\CrossDepartmentInstructorAssignmentTest.php:38</failure>
        </testcase>
        <testcase name="test_program_head_assignment_payload_only_contains_their_program_faculty" file="C:\laragon\www\Web-Based-Intelligent-Conflict-Detection-and-Recommendation-System-for-Academic-Scheduling\backend\tests\Feature\CrossDepartmentInstructorAssignmentTest.php" line="54" class="Tests\Feature\CrossDepartmentInstructorAssignmentTest" classname="Tests.Feature.CrossDepartmentInstructorAssignmentTest" assertions="1" time="0.213201">
          <failure type="PHPUnit\Framework\ExpectationFailedException">Tests\Feature\CrossDepartmentInstructorAssignmentTest::test_program_head_assignment_payload_only_contains_their_program_faculty&#13;
Expected response status code [200] but received 403.
Failed asserting that 403 is identical to 200.
&#13;
C:\laragon\www\Web-Based-Intelligent-Conflict-Detection-and-Recommendation-System-for-Academic-Scheduling\backend\vendor\laravel\framework\src\Illuminate\Testing\TestResponseAssert.php:45
C:\laragon\www\Web-Based-Intelligent-Conflict-Detection-and-Recommendation-System-for-Academic-Scheduling\backend\vendor\laravel\framework\src\Illuminate\Testing\TestResponse.php:175
C:\laragon\www\Web-Based-Intelligent-Conflict-Detection-and-Recommendation-System-for-Academic-Scheduling\backend\vendor\laravel\framework\src\Illuminate\Testing\Concerns\AssertsStatusCodes.php:16
C:\laragon\www\Web-Based-Intelligent-Conflict-Detection-and-Recommendation-System-for-Academic-Scheduling\backend\tests\Feature\CrossDepartmentInstructorAssignmentTest.php:86</failure>
        </testcase>
        <testcase name="test_the_teaching_college_cannot_create_a_duplicate_for_an_existing_source_schedule" file="C:\laragon\www\Web-Based-Intelligent-Conflict-Detection-and-Recommendation-System-for-Academic-Scheduling\backend\tests\Feature\CrossDepartmentInstructorAssignmentTest.php" line="98" class="Tests\Feature\CrossDepartmentInstructorAssignmentTest" classname="Tests.Feature.CrossDepartmentInstructorAssignmentTest" assertions="1" time="0.230869">
          <failure type="PHPUnit\Framework\ExpectationFailedException">Tests\Feature\CrossDepartmentInstructorAssignmentTest::test_the_teaching_college_cannot_create_a_duplicate_for_an_existing_source_schedule&#13;
Expected response status code [422] but received 403.
Failed asserting that 403 is identical to 422.
&#13;
C:\laragon\www\Web-Based-Intelligent-Conflict-Detection-and-Recommendation-System-for-Academic-Scheduling\backend\vendor\laravel\framework\src\Illuminate\Testing\TestResponseAssert.php:45
C:\laragon\www\Web-Based-Intelligent-Conflict-Detection-and-Recommendation-System-for-Academic-Scheduling\backend\vendor\laravel\framework\src\Illuminate\Testing\TestResponse.php:175
C:\laragon\www\Web-Based-Intelligent-Conflict-Detection-and-Recommendation-System-for-Academic-Scheduling\backend\tests\Feature\CrossDepartmentInstructorAssignmentTest.php:116</failure>
        </testcase>
        <testcase name="test_the_scheduler_payload_carries_the_delegated_course_and_its_rows" file="C:\laragon\www\Web-Based-Intelligent-Conflict-Detection-and-Recommendation-System-for-Academic-Scheduling\backend\tests\Feature\CrossDepartmentInstructorAssignmentTest.php" line="129" class="Tests\Feature\CrossDepartmentInstructorAssignmentTest" classname="Tests.Feature.CrossDepartmentInstructorAssignmentTest" assertions="2" time="0.236586">
          <failure type="PHPUnit\Framework\ExpectationFailedException">Tests\Feature\CrossDepartmentInstructorAssignmentTest::test_the_scheduler_payload_carries_the_delegated_course_and_its_rows&#13;
The delegated course is missing from the CAS payload.
Failed asserting that null is not null.
&#13;
C:\laragon\www\Web-Based-Intelligent-Conflict-Detection-and-Recommendation-System-for-Academic-Scheduling\backend\tests\Feature\CrossDepartmentInstructorAssignmentTest.php:139</failure>
        </testcase>
        <testcase name="test_the_teaching_college_keeps_seeing_its_assignment_before_handoff_is_done" file="C:\laragon\www\Web-Based-Intelligent-Conflict-Detection-and-Recommendation-System-for-Academic-Scheduling\backend\tests\Feature\CrossDepartmentInstructorAssignmentTest.php" line="149" class="Tests\Feature\CrossDepartmentInstructorAssignmentTest" classname="Tests.Feature.CrossDepartmentInstructorAssignmentTest" assertions="1" time="0.205509">
          <failure type="PHPUnit\Framework\ExpectationFailedException">Tests\Feature\CrossDepartmentInstructorAssignmentTest::test_the_teaching_college_keeps_seeing_its_assignment_before_handoff_is_done&#13;
Expected response status code [200] but received 403.
Failed asserting that 403 is identical to 200.
&#13;
C:\laragon\www\Web-Based-Intelligent-Conflict-Detection-and-Recommendation-System-for-Academic-Scheduling\backend\vendor\laravel\framework\src\Illuminate\Testing\TestResponseAssert.php:45
C:\laragon\www\Web-Based-Intelligent-Conflict-Detection-and-Recommendation-System-for-Academic-Scheduling\backend\vendor\laravel\framework\src\Illuminate\Testing\TestResponse.php:175
C:\laragon\www\Web-Based-Intelligent-Conflict-Detection-and-Recommendation-System-for-Academic-Scheduling\backend\vendor\laravel\framework\src\Illuminate\Testing\Concerns\AssertsStatusCodes.php:16
C:\laragon\www\Web-Based-Intelligent-Conflict-Detection-and-Recommendation-System-for-Academic-Scheduling\backend\tests\Feature\CrossDepartmentInstructorAssignmentTest.php:161</failure>
        </testcase>
        <testcase name="test_the_delegated_course_survives_the_curriculum_filter" file="C:\laragon\www\Web-Based-Intelligent-Conflict-Detection-and-Recommendation-System-for-Academic-Scheduling\backend\tests\Feature\CrossDepartmentInstructorAssignmentTest.php" line="190" class="Tests\Feature\CrossDepartmentInstructorAssignmentTest" classname="Tests.Feature.CrossDepartmentInstructorAssignmentTest" assertions="2" time="0.222714">
          <failure type="PHPUnit\Framework\ExpectationFailedException">Tests\Feature\CrossDepartmentInstructorAssignmentTest::test_the_delegated_course_survives_the_curriculum_filter&#13;
The delegated course was filtered out by the curriculum scope.
Failed asserting that null is not null.
&#13;
C:\laragon\www\Web-Based-Intelligent-Conflict-Detection-and-Recommendation-System-for-Academic-Scheduling\backend\tests\Feature\CrossDepartmentInstructorAssignmentTest.php:213</failure>
        </testcase>
        <testcase name="test_only_an_active_instructor_of_the_teaching_college_may_teach_it" file="C:\laragon\www\Web-Based-Intelligent-Conflict-Detection-and-Recommendation-System-for-Academic-Scheduling\backend\tests\Feature\CrossDepartmentInstructorAssignmentTest.php" line="219" class="Tests\Feature\CrossDepartmentInstructorAssignmentTest" classname="Tests.Feature.CrossDepartmentInstructorAssignmentTest" assertions="3" time="0.218212"/>
        <testcase name="test_the_teaching_college_assigns_every_linked_meeting_block" file="C:\laragon\www\Web-Based-Intelligent-Conflict-Detection-and-Recommendation-System-for-Academic-Scheduling\backend\tests\Feature\CrossDepartmentInstructorAssignmentTest.php" line="239" class="Tests\Feature\CrossDepartmentInstructorAssignmentTest" classname="Tests.Feature.CrossDepartmentInstructorAssignmentTest" assertions="1" time="0.220853">
          <failure type="PHPUnit\Framework\ExpectationFailedException">Tests\Feature\CrossDepartmentInstructorAssignmentTest::test_the_teaching_college_assigns_every_linked_meeting_block&#13;
Expected response status code [200] but received 403.
Failed asserting that 403 is identical to 200.
&#13;
C:\laragon\www\Web-Based-Intelligent-Conflict-Detection-and-Recommendation-System-for-Academic-Scheduling\backend\vendor\laravel\framework\src\Illuminate\Testing\TestResponseAssert.php:45
C:\laragon\www\Web-Based-Intelligent-Conflict-Detection-and-Recommendation-System-for-Academic-Scheduling\backend\vendor\laravel\framework\src\Illuminate\Testing\TestResponse.php:175
C:\laragon\www\Web-Based-Intelligent-Conflict-Detection-and-Recommendation-System-for-Academic-Scheduling\backend\vendor\laravel\framework\src\Illuminate\Testing\Concerns\AssertsStatusCodes.php:16
C:\laragon\www\Web-Based-Intelligent-Conflict-Detection-and-Recommendation-System-for-Academic-Scheduling\backend\tests\Feature\CrossDepartmentInstructorAssignmentTest.php:250</failure>
        </testcase>
        <testcase name="test_the_batch_route_assigns_the_whole_class_for_the_teaching_college" file="C:\laragon\www\Web-Based-Intelligent-Conflict-Detection-and-Recommendation-System-for-Academic-Scheduling\backend\tests\Feature\CrossDepartmentInstructorAssignmentTest.php" line="267" class="Tests\Feature\CrossDepartmentInstructorAssignmentTest" classname="Tests.Feature.CrossDepartmentInstructorAssignmentTest" assertions="1" time="0.221455">
          <failure type="PHPUnit\Framework\ExpectationFailedException">Tests\Feature\CrossDepartmentInstructorAssignmentTest::test_the_batch_route_assigns_the_whole_class_for_the_teaching_college&#13;
Expected response status code [200] but received 403.
Failed asserting that 403 is identical to 200.
&#13;
C:\laragon\www\Web-Based-Intelligent-Conflict-Detection-and-Recommendation-System-for-Academic-Scheduling\backend\vendor\laravel\framework\src\Illuminate\Testing\TestResponseAssert.php:45
C:\laragon\www\Web-Based-Intelligent-Conflict-Detection-and-Recommendation-System-for-Academic-Scheduling\backend\vendor\laravel\framework\src\Illuminate\Testing\TestResponse.php:175
C:\laragon\www\Web-Based-Intelligent-Conflict-Detection-and-Recommendation-System-for-Academic-Scheduling\backend\vendor\laravel\framework\src\Illuminate\Testing\Concerns\AssertsStatusCodes.php:16
C:\laragon\www\Web-Based-Intelligent-Conflict-Detection-and-Recommendation-System-for-Academic-Scheduling\backend\tests\Feature\CrossDepartmentInstructorAssignmentTest.php:279</failure>
        </testcase>
        <testcase name="test_batch_assignment_refreshes_the_cached_workspace_with_the_instructor_name" file="C:\laragon\www\Web-Based-Intelligent-Conflict-Detection-and-Recommendation-System-for-Academic-Scheduling\backend\tests\Feature\CrossDepartmentInstructorAssignmentTest.php" line="288" class="Tests\Feature\CrossDepartmentInstructorAssignmentTest" classname="Tests.Feature.CrossDepartmentInstructorAssignmentTest" assertions="1" time="0.200306">
          <failure type="PHPUnit\Framework\ExpectationFailedException">Tests\Feature\CrossDepartmentInstructorAssignmentTest::test_batch_assignment_refreshes_the_cached_workspace_with_the_instructor_name&#13;
Expected response status code [200] but received 403.
Failed asserting that 403 is identical to 200.
&#13;
C:\laragon\www\Web-Based-Intelligent-Conflict-Detection-and-Recommendation-System-for-Academic-Scheduling\backend\vendor\laravel\framework\src\Illuminate\Testing\TestResponseAssert.php:45
C:\laragon\www\Web-Based-Intelligent-Conflict-Detection-and-Recommendation-System-for-Academic-Scheduling\backend\vendor\laravel\framework\src\Illuminate\Testing\TestResponse.php:175
C:\laragon\www\Web-Based-Intelligent-Conflict-Detection-and-Recommendation-System-for-Academic-Scheduling\backend\vendor\laravel\framework\src\Illuminate\Testing\Concerns\AssertsStatusCodes.php:16
C:\laragon\www\Web-Based-Intelligent-Conflict-Detection-and-Recommendation-System-for-Academic-Scheduling\backend\tests\Feature\CrossDepartmentInstructorAssignmentTest.php:296</failure>
        </testcase>
        <testcase name="test_the_owning_college_may_not_assign_a_course_it_delegated" file="C:\laragon\www\Web-Based-Intelligent-Conflict-Detection-and-Recommendation-System-for-Academic-Scheduling\backend\tests\Feature\CrossDepartmentInstructorAssignmentTest.php" line="329" class="Tests\Feature\CrossDepartmentInstructorAssignmentTest" classname="Tests.Feature.CrossDepartmentInstructorAssignmentTest" assertions="2" time="0.211647">
          <failure type="PHPUnit\Framework\ExpectationFailedException">Tests\Feature\CrossDepartmentInstructorAssignmentTest::test_the_owning_college_may_not_assign_a_course_it_delegated&#13;
Failed asserting that two strings are identical.
--- Expected
+++ Actual
@@ @@
-'Only the college that offers this course can assign its instructor.'
+'Unauthorized'
&#13;
C:\laragon\www\Web-Based-Intelligent-Conflict-Detection-and-Recommendation-System-for-Academic-Scheduling\backend\vendor\laravel\framework\src\Illuminate\Testing\AssertableJsonString.php:243
C:\laragon\www\Web-Based-Intelligent-Conflict-Detection-and-Recommendation-System-for-Academic-Scheduling\backend\vendor\laravel\framework\src\Illuminate\Testing\TestResponse.php:880
C:\laragon\www\Web-Based-Intelligent-Conflict-Detection-and-Recommendation-System-for-Academic-Scheduling\backend\tests\Feature\CrossDepartmentInstructorAssignmentTest.php:340</failure>
        </testcase>
        <testcase name="test_a_college_with_no_claim_on_the_course_is_refused" file="C:\laragon\www\Web-Based-Intelligent-Conflict-Detection-and-Recommendation-System-for-Academic-Scheduling\backend\tests\Feature\CrossDepartmentInstructorAssignmentTest.php" line="356" class="Tests\Feature\CrossDepartmentInstructorAssignmentTest" classname="Tests.Feature.CrossDepartmentInstructorAssignmentTest" assertions="2" time="0.236754"/>
        <testcase name="test_teaching_a_delegated_course_does_not_confer_status_control" file="C:\laragon\www\Web-Based-Intelligent-Conflict-Detection-and-Recommendation-System-for-Academic-Scheduling\backend\tests\Feature\CrossDepartmentInstructorAssignmentTest.php" line="380" class="Tests\Feature\CrossDepartmentInstructorAssignmentTest" classname="Tests.Feature.CrossDepartmentInstructorAssignmentTest" assertions="2" time="0.216067"/>
        <testcase name="test_an_overload_is_still_confirmed_before_the_batch_is_written" file="C:\laragon\www\Web-Based-Intelligent-Conflict-Detection-and-Recommendation-System-for-Academic-Scheduling\backend\tests\Feature\CrossDepartmentInstructorAssignmentTest.php" line="400" class="Tests\Feature\CrossDepartmentInstructorAssignmentTest" classname="Tests.Feature.CrossDepartmentInstructorAssignmentTest" assertions="1" time="0.209182">
          <failure type="PHPUnit\Framework\ExpectationFailedException">Tests\Feature\CrossDepartmentInstructorAssignmentTest::test_an_overload_is_still_confirmed_before_the_batch_is_written&#13;
Expected response status code [409] but received 403.
Failed asserting that 403 is identical to 409.
&#13;
C:\laragon\www\Web-Based-Intelligent-Conflict-Detection-and-Recommendation-System-for-Academic-Scheduling\backend\vendor\laravel\framework\src\Illuminate\Testing\TestResponseAssert.php:45
C:\laragon\www\Web-Based-Intelligent-Conflict-Detection-and-Recommendation-System-for-Academic-Scheduling\backend\vendor\laravel\framework\src\Illuminate\Testing\TestResponse.php:175
C:\laragon\www\Web-Based-Intelligent-Conflict-Detection-and-Recommendation-System-for-Academic-Scheduling\backend\tests\Feature\CrossDepartmentInstructorAssignmentTest.php:416</failure>
        </testcase>
        <testcase name="test_a_conflict_on_one_block_rolls_the_whole_class_back" file="C:\laragon\www\Web-Based-Intelligent-Conflict-Detection-and-Recommendation-System-for-Academic-Scheduling\backend\tests\Feature\CrossDepartmentInstructorAssignmentTest.php" line="440" class="Tests\Feature\CrossDepartmentInstructorAssignmentTest" classname="Tests.Feature.CrossDepartmentInstructorAssignmentTest" assertions="1" time="0.208571">
          <failure type="PHPUnit\Framework\ExpectationFailedException">Tests\Feature\CrossDepartmentInstructorAssignmentTest::test_a_conflict_on_one_block_rolls_the_whole_class_back&#13;
Expected response status code [422] but received 403.
Failed asserting that 403 is identical to 422.
&#13;
C:\laragon\www\Web-Based-Intelligent-Conflict-Detection-and-Recommendation-System-for-Academic-Scheduling\backend\vendor\laravel\framework\src\Illuminate\Testing\TestResponseAssert.php:45
C:\laragon\www\Web-Based-Intelligent-Conflict-Detection-and-Recommendation-System-for-Academic-Scheduling\backend\vendor\laravel\framework\src\Illuminate\Testing\TestResponse.php:175
C:\laragon\www\Web-Based-Intelligent-Conflict-Detection-and-Recommendation-System-for-Academic-Scheduling\backend\tests\Feature\CrossDepartmentInstructorAssignmentTest.php:459</failure>
        </testcase>
        <testcase name="test_the_delegation_can_be_handed_back" file="C:\laragon\www\Web-Based-Intelligent-Conflict-Detection-and-Recommendation-System-for-Academic-Scheduling\backend\tests\Feature\CrossDepartmentInstructorAssignmentTest.php" line="466" class="Tests\Feature\CrossDepartmentInstructorAssignmentTest" classname="Tests.Feature.CrossDepartmentInstructorAssignmentTest" assertions="1" time="0.220394">
          <failure type="PHPUnit\Framework\ExpectationFailedException">Tests\Feature\CrossDepartmentInstructorAssignmentTest::test_the_delegation_can_be_handed_back&#13;
Expected response status code [200] but received 403.
Failed asserting that 403 is identical to 200.
&#13;
C:\laragon\www\Web-Based-Intelligent-Conflict-Detection-and-Recommendation-System-for-Academic-Scheduling\backend\vendor\laravel\framework\src\Illuminate\Testing\TestResponseAssert.php:45
C:\laragon\www\Web-Based-Intelligent-Conflict-Detection-and-Recommendation-System-for-Academic-Scheduling\backend\vendor\laravel\framework\src\Illuminate\Testing\TestResponse.php:175
C:\laragon\www\Web-Based-Intelligent-Conflict-Detection-and-Recommendation-System-for-Academic-Scheduling\backend\vendor\laravel\framework\src\Illuminate\Testing\Concerns\AssertsStatusCodes.php:16
C:\laragon\www\Web-Based-Intelligent-Conflict-Detection-and-Recommendation-System-for-Academic-Scheduling\backend\tests\Feature\CrossDepartmentInstructorAssignmentTest.php:474</failure>
        </testcase>
      </testsuite>
      <testsuite name="Tests\Feature\CurriculumIndependenceTest" file="C:\laragon\www\Web-Based-Intelligent-Conflict-Detection-and-Recommendation-System-for-Academic-Scheduling\backend\tests\Feature\CurriculumIndependenceTest.php" tests="8" assertions="18" errors="0" failures="4" skipped="0" time="1.563289">
        <testcase name="test_departments_can_create_independent_courses_with_same_code" file="C:\laragon\www\Web-Based-Intelligent-Conflict-Detection-and-Recommendation-System-for-Academic-Scheduling\backend\tests\Feature\CurriculumIndependenceTest.php" line="17" class="Tests\Feature\CurriculumIndependenceTest" classname="Tests.Feature.CurriculumIndependenceTest" assertions="1" time="0.236600">
          <failure type="PHPUnit\Framework\ExpectationFailedException">Tests\Feature\CurriculumIndependenceTest::test_departments_can_create_independent_courses_with_same_code&#13;
Expected response status code [201] but received 403.
Failed asserting that 403 is identical to 201.
&#13;
C:\laragon\www\Web-Based-Intelligent-Conflict-Detection-and-Recommendation-System-for-Academic-Scheduling\backend\vendor\laravel\framework\src\Illuminate\Testing\TestResponseAssert.php:45
C:\laragon\www\Web-Based-Intelligent-Conflict-Detection-and-Recommendation-System-for-Academic-Scheduling\backend\vendor\laravel\framework\src\Illuminate\Testing\TestResponse.php:175
C:\laragon\www\Web-Based-Intelligent-Conflict-Detection-and-Recommendation-System-for-Academic-Scheduling\backend\tests\Feature\CurriculumIndependenceTest.php:44</failure>
        </testcase>
        <testcase name="test_attaching_course_to_curriculum_does_not_modify_course_globally" file="C:\laragon\www\Web-Based-Intelligent-Conflict-Detection-and-Recommendation-System-for-Academic-Scheduling\backend\tests\Feature\CurriculumIndependenceTest.php" line="65" class="Tests\Feature\CurriculumIndependenceTest" classname="Tests.Feature.CurriculumIndependenceTest" assertions="5" time="0.183679"/>
        <testcase name="test_updating_course_does_not_modify_another_department_course_with_same_code" file="C:\laragon\www\Web-Based-Intelligent-Conflict-Detection-and-Recommendation-System-for-Academic-Scheduling\backend\tests\Feature\CurriculumIndependenceTest.php" line="124" class="Tests\Feature\CurriculumIndependenceTest" classname="Tests.Feature.CurriculumIndependenceTest" assertions="1" time="0.186175">
          <failure type="PHPUnit\Framework\ExpectationFailedException">Tests\Feature\CurriculumIndependenceTest::test_updating_course_does_not_modify_another_department_course_with_same_code&#13;
Expected response status code [200] but received 403.
Failed asserting that 403 is identical to 200.
&#13;
C:\laragon\www\Web-Based-Intelligent-Conflict-Detection-and-Recommendation-System-for-Academic-Scheduling\backend\vendor\laravel\framework\src\Illuminate\Testing\TestResponseAssert.php:45
C:\laragon\www\Web-Based-Intelligent-Conflict-Detection-and-Recommendation-System-for-Academic-Scheduling\backend\vendor\laravel\framework\src\Illuminate\Testing\TestResponse.php:175
C:\laragon\www\Web-Based-Intelligent-Conflict-Detection-and-Recommendation-System-for-Academic-Scheduling\backend\tests\Feature\CurriculumIndependenceTest.php:176</failure>
        </testcase>
        <testcase name="test_curriculum_cannot_attach_major_course_from_another_department_with_same_code" file="C:\laragon\www\Web-Based-Intelligent-Conflict-Detection-and-Recommendation-System-for-Academic-Scheduling\backend\tests\Feature\CurriculumIndependenceTest.php" line="189" class="Tests\Feature\CurriculumIndependenceTest" classname="Tests.Feature.CurriculumIndependenceTest" assertions="2" time="0.181179"/>
        <testcase name="test_curriculum_cannot_attach_department_owned_minor_course_from_another_department" file="C:\laragon\www\Web-Based-Intelligent-Conflict-Detection-and-Recommendation-System-for-Academic-Scheduling\backend\tests\Feature\CurriculumIndependenceTest.php" line="240" class="Tests\Feature\CurriculumIndependenceTest" classname="Tests.Feature.CurriculumIndependenceTest" assertions="2" time="0.182236"/>
        <testcase name="test_curriculum_detail_hides_cross_department_major_courses" file="C:\laragon\www\Web-Based-Intelligent-Conflict-Detection-and-Recommendation-System-for-Academic-Scheduling\backend\tests\Feature\CurriculumIndependenceTest.php" line="291" class="Tests\Feature\CurriculumIndependenceTest" classname="Tests.Feature.CurriculumIndependenceTest" assertions="1" time="0.201892">
          <failure type="PHPUnit\Framework\ExpectationFailedException">Tests\Feature\CurriculumIndependenceTest::test_curriculum_detail_hides_cross_department_major_courses&#13;
Expected response status code [200] but received 403.
Failed asserting that 403 is identical to 200.
&#13;
C:\laragon\www\Web-Based-Intelligent-Conflict-Detection-and-Recommendation-System-for-Academic-Scheduling\backend\vendor\laravel\framework\src\Illuminate\Testing\TestResponseAssert.php:45
C:\laragon\www\Web-Based-Intelligent-Conflict-Detection-and-Recommendation-System-for-Academic-Scheduling\backend\vendor\laravel\framework\src\Illuminate\Testing\TestResponse.php:175
C:\laragon\www\Web-Based-Intelligent-Conflict-Detection-and-Recommendation-System-for-Academic-Scheduling\backend\vendor\laravel\framework\src\Illuminate\Testing\Concerns\AssertsStatusCodes.php:16
C:\laragon\www\Web-Based-Intelligent-Conflict-Detection-and-Recommendation-System-for-Academic-Scheduling\backend\tests\Feature\CurriculumIndependenceTest.php:363</failure>
        </testcase>
        <testcase name="test_department_course_index_hides_cross_department_major_courses_from_active_curriculum" file="C:\laragon\www\Web-Based-Intelligent-Conflict-Detection-and-Recommendation-System-for-Academic-Scheduling\backend\tests\Feature\CurriculumIndependenceTest.php" line="370" class="Tests\Feature\CurriculumIndependenceTest" classname="Tests.Feature.CurriculumIndependenceTest" assertions="1" time="0.202374">
          <failure type="PHPUnit\Framework\ExpectationFailedException">Tests\Feature\CurriculumIndependenceTest::test_department_course_index_hides_cross_department_major_courses_from_active_curriculum&#13;
Expected response status code [200] but received 403.
Failed asserting that 403 is identical to 200.
&#13;
C:\laragon\www\Web-Based-Intelligent-Conflict-Detection-and-Recommendation-System-for-Academic-Scheduling\backend\vendor\laravel\framework\src\Illuminate\Testing\TestResponseAssert.php:45
C:\laragon\www\Web-Based-Intelligent-Conflict-Detection-and-Recommendation-System-for-Academic-Scheduling\backend\vendor\laravel\framework\src\Illuminate\Testing\TestResponse.php:175
C:\laragon\www\Web-Based-Intelligent-Conflict-Detection-and-Recommendation-System-for-Academic-Scheduling\backend\vendor\laravel\framework\src\Illuminate\Testing\Concerns\AssertsStatusCodes.php:16
C:\laragon\www\Web-Based-Intelligent-Conflict-Detection-and-Recommendation-System-for-Academic-Scheduling\backend\tests\Feature\CurriculumIndependenceTest.php:427</failure>
        </testcase>
        <testcase name="test_batch_create_updates_existing_same_department_course_metadata" file="C:\laragon\www\Web-Based-Intelligent-Conflict-Detection-and-Recommendation-System-for-Academic-Scheduling\backend\tests\Feature\CurriculumIndependenceTest.php" line="433" class="Tests\Feature\CurriculumIndependenceTest" classname="Tests.Feature.CurriculumIndependenceTest" assertions="5" time="0.189155"/>
      </testsuite>
      <testsuite name="Tests\Feature\DayCategoryConstraintParityTest" file="C:\laragon\www\Web-Based-Intelligent-Conflict-Detection-and-Recommendation-System-for-Academic-Scheduling\backend\tests\Feature\DayCategoryConstraintParityTest.php" tests="8" assertions="42" errors="0" failures="0" skipped="0" time="1.666512">
        <testcase name="test_nstp_courses_may_use_any_day_including_sunday" file="C:\laragon\www\Web-Based-Intelligent-Conflict-Detection-and-Recommendation-System-for-Academic-Scheduling\backend\tests\Feature\DayCategoryConstraintParityTest.php" line="26" class="Tests\Feature\DayCategoryConstraintParityTest" classname="Tests.Feature.DayCategoryConstraintParityTest" assertions="21" time="0.261973"/>
        <testcase name="test_non_nstp_field_courses_are_limited_to_weekdays" file="C:\laragon\www\Web-Based-Intelligent-Conflict-Detection-and-Recommendation-System-for-Academic-Scheduling\backend\tests\Feature\DayCategoryConstraintParityTest.php" line="37" class="Tests\Feature\DayCategoryConstraintParityTest" classname="Tests.Feature.DayCategoryConstraintParityTest" assertions="7" time="0.237374"/>
        <testcase name="test_minor_courses_are_limited_to_monday_through_saturday" file="C:\laragon\www\Web-Based-Intelligent-Conflict-Detection-and-Recommendation-System-for-Academic-Scheduling\backend\tests\Feature\DayCategoryConstraintParityTest.php" line="50" class="Tests\Feature\DayCategoryConstraintParityTest" classname="Tests.Feature.DayCategoryConstraintParityTest" assertions="7" time="0.221784"/>
        <testcase name="test_major_courses_on_sunday_require_online_delivery" file="C:\laragon\www\Web-Based-Intelligent-Conflict-Detection-and-Recommendation-System-for-Academic-Scheduling\backend\tests\Feature\DayCategoryConstraintParityTest.php" line="61" class="Tests\Feature\DayCategoryConstraintParityTest" classname="Tests.Feature.DayCategoryConstraintParityTest" assertions="2" time="0.188757"/>
        <testcase name="test_sunday_rule_can_be_disabled_per_department" file="C:\laragon\www\Web-Based-Intelligent-Conflict-Detection-and-Recommendation-System-for-Academic-Scheduling\backend\tests\Feature\DayCategoryConstraintParityTest.php" line="73" class="Tests\Feature\DayCategoryConstraintParityTest" classname="Tests.Feature.DayCategoryConstraintParityTest" assertions="1" time="0.193236"/>
        <testcase name="test_field_courses_must_end_by_five_pm_unless_the_department_opts_in" file="C:\laragon\www\Web-Based-Intelligent-Conflict-Detection-and-Recommendation-System-for-Academic-Scheduling\backend\tests\Feature\DayCategoryConstraintParityTest.php" line="84" class="Tests\Feature\DayCategoryConstraintParityTest" classname="Tests.Feature.DayCategoryConstraintParityTest" assertions="2" time="0.195350"/>
        <testcase name="test_daytime_field_placements_are_unaffected" file="C:\laragon\www\Web-Based-Intelligent-Conflict-Detection-and-Recommendation-System-for-Academic-Scheduling\backend\tests\Feature\DayCategoryConstraintParityTest.php" line="102" class="Tests\Feature\DayCategoryConstraintParityTest" classname="Tests.Feature.DayCategoryConstraintParityTest" assertions="1" time="0.181270"/>
        <testcase name="test_non_field_courses_may_run_into_the_evening" file="C:\laragon\www\Web-Based-Intelligent-Conflict-Detection-and-Recommendation-System-for-Academic-Scheduling\backend\tests\Feature\DayCategoryConstraintParityTest.php" line="115" class="Tests\Feature\DayCategoryConstraintParityTest" classname="Tests.Feature.DayCategoryConstraintParityTest" assertions="1" time="0.186767"/>
      </testsuite>
      <testsuite name="Tests\Feature\DefaultLectureLabGenerationTest" file="C:\laragon\www\Web-Based-Intelligent-Conflict-Detection-and-Recommendation-System-for-Academic-Scheduling\backend\tests\Feature\DefaultLectureLabGenerationTest.php" tests="22" assertions="103" errors="0" failures="2" skipped="0" time="8.955753">
        <testcase name="test_generation_honors_forced_course_day_rule" file="C:\laragon\www\Web-Based-Intelligent-Conflict-Detection-and-Recommendation-System-for-Academic-Scheduling\backend\tests\Feature\DefaultLectureLabGenerationTest.php" line="22" class="Tests\Feature\DefaultLectureLabGenerationTest" classname="Tests.Feature.DefaultLectureLabGenerationTest" assertions="2" time="0.244614"/>
        <testcase name="test_minor_course_can_be_forced_to_saturday" file="C:\laragon\www\Web-Based-Intelligent-Conflict-Detection-and-Recommendation-System-for-Academic-Scheduling\backend\tests\Feature\DefaultLectureLabGenerationTest.php" line="86" class="Tests\Feature\DefaultLectureLabGenerationTest" classname="Tests.Feature.DefaultLectureLabGenerationTest" assertions="2" time="0.189728"/>
        <testcase name="test_generation_reconsiders_valid_candidates_to_remove_same_day_gaps" file="C:\laragon\www\Web-Based-Intelligent-Conflict-Detection-and-Recommendation-System-for-Academic-Scheduling\backend\tests\Feature\DefaultLectureLabGenerationTest.php" line="145" class="Tests\Feature\DefaultLectureLabGenerationTest" classname="Tests.Feature.DefaultLectureLabGenerationTest" assertions="6" time="0.201731"/>
        <testcase name="test_major_course_with_lecture_and_lab_stays_single_block_when_override_is_disabled" file="C:\laragon\www\Web-Based-Intelligent-Conflict-Detection-and-Recommendation-System-for-Academic-Scheduling\backend\tests\Feature\DefaultLectureLabGenerationTest.php" line="218" class="Tests\Feature\DefaultLectureLabGenerationTest" classname="Tests.Feature.DefaultLectureLabGenerationTest" assertions="7" time="0.186700"/>
        <testcase name="test_lecture_only_major_course_is_marked_as_lecture" file="C:\laragon\www\Web-Based-Intelligent-Conflict-Detection-and-Recommendation-System-for-Academic-Scheduling\backend\tests\Feature\DefaultLectureLabGenerationTest.php" line="281" class="Tests\Feature\DefaultLectureLabGenerationTest" classname="Tests.Feature.DefaultLectureLabGenerationTest" assertions="4" time="0.211042"/>
        <testcase name="test_csp_does_not_force_lecture_subjects_online_when_rooms_are_available" file="C:\laragon\www\Web-Based-Intelligent-Conflict-Detection-and-Recommendation-System-for-Academic-Scheduling\backend\tests\Feature\DefaultLectureLabGenerationTest.php" line="339" class="Tests\Feature\DefaultLectureLabGenerationTest" classname="Tests.Feature.DefaultLectureLabGenerationTest" assertions="4" time="0.279289"/>
        <testcase name="test_minor_lecture_courses_can_use_available_classrooms" file="C:\laragon\www\Web-Based-Intelligent-Conflict-Detection-and-Recommendation-System-for-Academic-Scheduling\backend\tests\Feature\DefaultLectureLabGenerationTest.php" line="430" class="Tests\Feature\DefaultLectureLabGenerationTest" classname="Tests.Feature.DefaultLectureLabGenerationTest" assertions="3" time="0.264114"/>
        <testcase name="test_csp_keeps_valid_physical_candidates_for_later_sections" file="C:\laragon\www\Web-Based-Intelligent-Conflict-Detection-and-Recommendation-System-for-Academic-Scheduling\backend\tests\Feature\DefaultLectureLabGenerationTest.php" line="518" class="Tests\Feature\DefaultLectureLabGenerationTest" classname="Tests.Feature.DefaultLectureLabGenerationTest" assertions="3" time="0.299659"/>
        <testcase name="test_major_course_with_lecture_and_lab_generates_separate_components_when_override_is_enabled" file="C:\laragon\www\Web-Based-Intelligent-Conflict-Detection-and-Recommendation-System-for-Academic-Scheduling\backend\tests\Feature\DefaultLectureLabGenerationTest.php" line="618" class="Tests\Feature\DefaultLectureLabGenerationTest" classname="Tests.Feature.DefaultLectureLabGenerationTest" assertions="11" time="0.653153"/>
        <testcase name="test_hybrid_split_components_are_always_scheduled_on_different_days" file="C:\laragon\www\Web-Based-Intelligent-Conflict-Detection-and-Recommendation-System-for-Academic-Scheduling\backend\tests\Feature\DefaultLectureLabGenerationTest.php" line="691" class="Tests\Feature\DefaultLectureLabGenerationTest" classname="Tests.Feature.DefaultLectureLabGenerationTest" assertions="4" time="0.592165"/>
        <testcase name="test_split_session_places_lecture_online_by_default" file="C:\laragon\www\Web-Based-Intelligent-Conflict-Detection-and-Recommendation-System-for-Academic-Scheduling\backend\tests\Feature\DefaultLectureLabGenerationTest.php" line="753" class="Tests\Feature\DefaultLectureLabGenerationTest" classname="Tests.Feature.DefaultLectureLabGenerationTest" assertions="4" time="1.392808">
          <failure type="PHPUnit\Framework\ExpectationFailedException">Tests\Feature\DefaultLectureLabGenerationTest::test_split_session_places_lecture_online_by_default&#13;
Failed asserting that two strings are identical.
--- Expected
+++ Actual
@@ @@
-'online'
+'on-site'
&#13;
C:\laragon\www\Web-Based-Intelligent-Conflict-Detection-and-Recommendation-System-for-Academic-Scheduling\backend\tests\Feature\DefaultLectureLabGenerationTest.php:822</failure>
        </testcase>
        <testcase name="test_default_lecture_lab_generation_places_lecture_online_when_no_classroom_exists" file="C:\laragon\www\Web-Based-Intelligent-Conflict-Detection-and-Recommendation-System-for-Academic-Scheduling\backend\tests\Feature\DefaultLectureLabGenerationTest.php" line="828" class="Tests\Feature\DefaultLectureLabGenerationTest" classname="Tests.Feature.DefaultLectureLabGenerationTest" assertions="7" time="0.644759"/>
        <testcase name="test_laboratory_generation_tries_other_slots_before_room_tba" file="C:\laragon\www\Web-Based-Intelligent-Conflict-Detection-and-Recommendation-System-for-Academic-Scheduling\backend\tests\Feature\DefaultLectureLabGenerationTest.php" line="896" class="Tests\Feature\DefaultLectureLabGenerationTest" classname="Tests.Feature.DefaultLectureLabGenerationTest" assertions="3" time="0.201175"/>
        <testcase name="test_split_laboratory_generation_exhausts_weekday_room_slots_before_saturday" file="C:\laragon\www\Web-Based-Intelligent-Conflict-Detection-and-Recommendation-System-for-Academic-Scheduling\backend\tests\Feature\DefaultLectureLabGenerationTest.php" line="988" class="Tests\Feature\DefaultLectureLabGenerationTest" classname="Tests.Feature.DefaultLectureLabGenerationTest" assertions="3" time="0.648068">
          <failure type="PHPUnit\Framework\ExpectationFailedException">Tests\Feature\DefaultLectureLabGenerationTest::test_split_laboratory_generation_exhausts_weekday_room_slots_before_saturday&#13;
Failed asserting that an array contains 'Saturday'.
&#13;
C:\laragon\www\Web-Based-Intelligent-Conflict-Detection-and-Recommendation-System-for-Academic-Scheduling\backend\tests\Feature\DefaultLectureLabGenerationTest.php:1017</failure>
        </testcase>
        <testcase name="test_split_laboratory_generation_uses_saturday_real_room_after_weekdays_are_exhausted" file="C:\laragon\www\Web-Based-Intelligent-Conflict-Detection-and-Recommendation-System-for-Academic-Scheduling\backend\tests\Feature\DefaultLectureLabGenerationTest.php" line="1021" class="Tests\Feature\DefaultLectureLabGenerationTest" classname="Tests.Feature.DefaultLectureLabGenerationTest" assertions="8" time="0.628953"/>
        <testcase name="test_default_lecture_lab_generation_uses_room_tba_when_laboratory_is_unavailable" file="C:\laragon\www\Web-Based-Intelligent-Conflict-Detection-and-Recommendation-System-for-Academic-Scheduling\backend\tests\Feature\DefaultLectureLabGenerationTest.php" line="1061" class="Tests\Feature\DefaultLectureLabGenerationTest" classname="Tests.Feature.DefaultLectureLabGenerationTest" assertions="4" time="0.554678"/>
        <testcase name="test_missing_laboratory_course_keeps_room_tba_even_when_online_is_requested" file="C:\laragon\www\Web-Based-Intelligent-Conflict-Detection-and-Recommendation-System-for-Academic-Scheduling\backend\tests\Feature\DefaultLectureLabGenerationTest.php" line="1208" class="Tests\Feature\DefaultLectureLabGenerationTest" classname="Tests.Feature.DefaultLectureLabGenerationTest" assertions="3" time="0.187267"/>
        <testcase name="test_generation_falls_back_online_when_existing_classrooms_are_fully_booked" file="C:\laragon\www\Web-Based-Intelligent-Conflict-Detection-and-Recommendation-System-for-Academic-Scheduling\backend\tests\Feature\DefaultLectureLabGenerationTest.php" line="1266" class="Tests\Feature\DefaultLectureLabGenerationTest" classname="Tests.Feature.DefaultLectureLabGenerationTest" assertions="3" time="0.214671"/>
        <testcase name="test_generation_allows_more_than_five_online_fallbacks_when_rooms_are_fully_booked" file="C:\laragon\www\Web-Based-Intelligent-Conflict-Detection-and-Recommendation-System-for-Academic-Scheduling\backend\tests\Feature\DefaultLectureLabGenerationTest.php" line="1347" class="Tests\Feature\DefaultLectureLabGenerationTest" classname="Tests.Feature.DefaultLectureLabGenerationTest" assertions="4" time="0.279511"/>
        <testcase name="test_generation_skips_zero_duration_internship_courses" file="C:\laragon\www\Web-Based-Intelligent-Conflict-Detection-and-Recommendation-System-for-Academic-Scheduling\backend\tests\Feature\DefaultLectureLabGenerationTest.php" line="1433" class="Tests\Feature\DefaultLectureLabGenerationTest" classname="Tests.Feature.DefaultLectureLabGenerationTest" assertions="3" time="0.204867"/>
        <testcase name="test_generation_uses_fixed_start_time_patterns_by_duration" file="C:\laragon\www\Web-Based-Intelligent-Conflict-Detection-and-Recommendation-System-for-Academic-Scheduling\backend\tests\Feature\DefaultLectureLabGenerationTest.php" line="1504" class="Tests\Feature\DefaultLectureLabGenerationTest" classname="Tests.Feature.DefaultLectureLabGenerationTest" assertions="8" time="0.231810"/>
        <testcase name="test_selected_split_lab_stays_face_to_face_when_course_mode_is_online" file="C:\laragon\www\Web-Based-Intelligent-Conflict-Detection-and-Recommendation-System-for-Academic-Scheduling\backend\tests\Feature\DefaultLectureLabGenerationTest.php" line="1598" class="Tests\Feature\DefaultLectureLabGenerationTest" classname="Tests.Feature.DefaultLectureLabGenerationTest" assertions="7" time="0.644991"/>
      </testsuite>
      <testsuite name="Tests\Feature\DepartmentScheduleWithdrawalTest" file="C:\laragon\www\Web-Based-Intelligent-Conflict-Detection-and-Recommendation-System-for-Academic-Scheduling\backend\tests\Feature\DepartmentScheduleWithdrawalTest.php" tests="9" assertions="9" errors="0" failures="9" skipped="0" time="1.887999">
[...]
          <failure type="PHPUnit\Framework\ExpectationFailedException">Tests\Feature\YearLevelGenerationFailureDiagnosticsTest::test_feasibility_pre_check_blocks_before_the_search_and_reports_blocking_constraints&#13;
Expected response status code [422] but received 403.
Failed asserting that 403 is identical to 422.
&#13;
C:\laragon\www\Web-Based-Intelligent-Conflict-Detection-and-Recommendation-System-for-Academic-Scheduling\backend\vendor\laravel\framework\src\Illuminate\Testing\TestResponseAssert.php:45
C:\laragon\www\Web-Based-Intelligent-Conflict-Detection-and-Recommendation-System-for-Academic-Scheduling\backend\vendor\laravel\framework\src\Illuminate\Testing\TestResponse.php:175
C:\laragon\www\Web-Based-Intelligent-Conflict-Detection-and-Recommendation-System-for-Academic-Scheduling\backend\tests\Feature\YearLevelGenerationFailureDiagnosticsTest.php:76</failure>
        </testcase>
        <testcase name="test_retry_ladder_switches_the_fixed_pattern_and_reports_the_applied_adjustment" file="C:\laragon\www\Web-Based-Intelligent-Conflict-Detection-and-Recommendation-System-for-Academic-Scheduling\backend\tests\Feature\YearLevelGenerationFailureDiagnosticsTest.php" line="93" class="Tests\Feature\YearLevelGenerationFailureDiagnosticsTest" classname="Tests.Feature.YearLevelGenerationFailureDiagnosticsTest" assertions="1" time="0.193890">
          <failure type="PHPUnit\Framework\ExpectationFailedException">Tests\Feature\YearLevelGenerationFailureDiagnosticsTest::test_retry_ladder_switches_the_fixed_pattern_and_reports_the_applied_adjustment&#13;
Expected response status code [200] but received 403.
Failed asserting that 403 is identical to 200.
&#13;
C:\laragon\www\Web-Based-Intelligent-Conflict-Detection-and-Recommendation-System-for-Academic-Scheduling\backend\vendor\laravel\framework\src\Illuminate\Testing\TestResponseAssert.php:45
C:\laragon\www\Web-Based-Intelligent-Conflict-Detection-and-Recommendation-System-for-Academic-Scheduling\backend\vendor\laravel\framework\src\Illuminate\Testing\TestResponse.php:175
C:\laragon\www\Web-Based-Intelligent-Conflict-Detection-and-Recommendation-System-for-Academic-Scheduling\backend\vendor\laravel\framework\src\Illuminate\Testing\Concerns\AssertsStatusCodes.php:16
C:\laragon\www\Web-Based-Intelligent-Conflict-Detection-and-Recommendation-System-for-Academic-Scheduling\backend\tests\Feature\YearLevelGenerationFailureDiagnosticsTest.php:111</failure>
        </testcase>
        <testcase name="test_exhausted_retries_return_a_diagnostic_report_with_recommendations" file="C:\laragon\www\Web-Based-Intelligent-Conflict-Detection-and-Recommendation-System-for-Academic-Scheduling\backend\tests\Feature\YearLevelGenerationFailureDiagnosticsTest.php" line="124" class="Tests\Feature\YearLevelGenerationFailureDiagnosticsTest" classname="Tests.Feature.YearLevelGenerationFailureDiagnosticsTest" assertions="1" time="0.212956">
          <failure type="PHPUnit\Framework\ExpectationFailedException">Tests\Feature\YearLevelGenerationFailureDiagnosticsTest::test_exhausted_retries_return_a_diagnostic_report_with_recommendations&#13;
Expected response status code [422] but received 403.
Failed asserting that 403 is identical to 422.
&#13;
C:\laragon\www\Web-Based-Intelligent-Conflict-Detection-and-Recommendation-System-for-Academic-Scheduling\backend\vendor\laravel\framework\src\Illuminate\Testing\TestResponseAssert.php:45
C:\laragon\www\Web-Based-Intelligent-Conflict-Detection-and-Recommendation-System-for-Academic-Scheduling\backend\vendor\laravel\framework\src\Illuminate\Testing\TestResponse.php:175
C:\laragon\www\Web-Based-Intelligent-Conflict-Detection-and-Recommendation-System-for-Academic-Scheduling\backend\tests\Feature\YearLevelGenerationFailureDiagnosticsTest.php:144</failure>
        </testcase>
        <testcase name="test_successful_baseline_generation_reports_no_applied_adjustment" file="C:\laragon\www\Web-Based-Intelligent-Conflict-Detection-and-Recommendation-System-for-Academic-Scheduling\backend\tests\Feature\YearLevelGenerationFailureDiagnosticsTest.php" line="167" class="Tests\Feature\YearLevelGenerationFailureDiagnosticsTest" classname="Tests.Feature.YearLevelGenerationFailureDiagnosticsTest" assertions="1" time="0.202609">
          <failure type="PHPUnit\Framework\ExpectationFailedException">Tests\Feature\YearLevelGenerationFailureDiagnosticsTest::test_successful_baseline_generation_reports_no_applied_adjustment&#13;
Expected response status code [200] but received 403.
Failed asserting that 403 is identical to 200.
&#13;
C:\laragon\www\Web-Based-Intelligent-Conflict-Detection-and-Recommendation-System-for-Academic-Scheduling\backend\vendor\laravel\framework\src\Illuminate\Testing\TestResponseAssert.php:45
C:\laragon\www\Web-Based-Intelligent-Conflict-Detection-and-Recommendation-System-for-Academic-Scheduling\backend\vendor\laravel\framework\src\Illuminate\Testing\TestResponse.php:175
C:\laragon\www\Web-Based-Intelligent-Conflict-Detection-and-Recommendation-System-for-Academic-Scheduling\backend\vendor\laravel\framework\src\Illuminate\Testing\Concerns\AssertsStatusCodes.php:16
C:\laragon\www\Web-Based-Intelligent-Conflict-Detection-and-Recommendation-System-for-Academic-Scheduling\backend\tests\Feature\YearLevelGenerationFailureDiagnosticsTest.php:181</failure>
        </testcase>
        <testcase name="test_unsplit_laboratory_courses_are_generated_into_laboratory_rooms" file="C:\laragon\www\Web-Based-Intelligent-Conflict-Detection-and-Recommendation-System-for-Academic-Scheduling\backend\tests\Feature\YearLevelGenerationFailureDiagnosticsTest.php" line="189" class="Tests\Feature\YearLevelGenerationFailureDiagnosticsTest" classname="Tests.Feature.YearLevelGenerationFailureDiagnosticsTest" assertions="1" time="0.214448">
          <failure type="PHPUnit\Framework\ExpectationFailedException">Tests\Feature\YearLevelGenerationFailureDiagnosticsTest::test_unsplit_laboratory_courses_are_generated_into_laboratory_rooms&#13;
{
    "message": "Unauthorized"
}
Failed asserting that 403 is identical to 200.
&#13;
C:\laragon\www\Web-Based-Intelligent-Conflict-Detection-and-Recommendation-System-for-Academic-Scheduling\backend\tests\Feature\YearLevelGenerationFailureDiagnosticsTest.php:273</failure>
        </testcase>
      </testsuite>
      <testsuite name="Tests\Feature\YearLevelQueuedGenerationTest" file="C:\laragon\www\Web-Based-Intelligent-Conflict-Detection-and-Recommendation-System-for-Academic-Scheduling\backend\tests\Feature\YearLevelQueuedGenerationTest.php" tests="4" assertions="8" errors="0" failures="2" skipped="0" time="0.823467">
        <testcase name="test_year_level_preview_can_be_queued_and_polled" file="C:\laragon\www\Web-Based-Intelligent-Conflict-Detection-and-Recommendation-System-for-Academic-Scheduling\backend\tests\Feature\YearLevelQueuedGenerationTest.php" line="26" class="Tests\Feature\YearLevelQueuedGenerationTest" classname="Tests.Feature.YearLevelQueuedGenerationTest" assertions="1" time="0.257823">
          <failure type="PHPUnit\Framework\ExpectationFailedException">Tests\Feature\YearLevelQueuedGenerationTest::test_year_level_preview_can_be_queued_and_polled&#13;
Expected response status code [202] but received 403.
Failed asserting that 403 is identical to 202.
&#13;
C:\laragon\www\Web-Based-Intelligent-Conflict-Detection-and-Recommendation-System-for-Academic-Scheduling\backend\vendor\laravel\framework\src\Illuminate\Testing\TestResponseAssert.php:45
C:\laragon\www\Web-Based-Intelligent-Conflict-Detection-and-Recommendation-System-for-Academic-Scheduling\backend\vendor\laravel\framework\src\Illuminate\Testing\TestResponse.php:175
C:\laragon\www\Web-Based-Intelligent-Conflict-Detection-and-Recommendation-System-for-Academic-Scheduling\backend\vendor\laravel\framework\src\Illuminate\Testing\Concerns\AssertsStatusCodes.php:36
C:\laragon\www\Web-Based-Intelligent-Conflict-Detection-and-Recommendation-System-for-Academic-Scheduling\backend\tests\Feature\YearLevelQueuedGenerationTest.php:42</failure>
        </testcase>
        <testcase name="test_queued_generation_persists_structured_failure_without_retrying_domain_failure" file="C:\laragon\www\Web-Based-Intelligent-Conflict-Detection-and-Recommendation-System-for-Academic-Scheduling\backend\tests\Feature\YearLevelQueuedGenerationTest.php" line="65" class="Tests\Feature\YearLevelQueuedGenerationTest" classname="Tests.Feature.YearLevelQueuedGenerationTest" assertions="5" time="0.197964"/>
        <testcase name="test_worker_failure_marks_an_active_run_failed" file="C:\laragon\www\Web-Based-Intelligent-Conflict-Detection-and-Recommendation-System-for-Academic-Scheduling\backend\tests\Feature\YearLevelQueuedGenerationTest.php" line="102" class="Tests\Feature\YearLevelQueuedGenerationTest" classname="Tests.Feature.YearLevelQueuedGenerationTest" assertions="1" time="0.179464"/>
        <testcase name="test_poll_reconciles_an_orphaned_running_run" file="C:\laragon\www\Web-Based-Intelligent-Conflict-Detection-and-Recommendation-System-for-Academic-Scheduling\backend\tests\Feature\YearLevelQueuedGenerationTest.php" line="126" class="Tests\Feature\YearLevelQueuedGenerationTest" classname="Tests.Feature.YearLevelQueuedGenerationTest" assertions="1" time="0.188216">
          <failure type="PHPUnit\Framework\ExpectationFailedException">Tests\Feature\YearLevelQueuedGenerationTest::test_poll_reconciles_an_orphaned_running_run&#13;
Expected response status code [200] but received 403.
Failed asserting that 403 is identical to 200.
&#13;
C:\laragon\www\Web-Based-Intelligent-Conflict-Detection-and-Recommendation-System-for-Academic-Scheduling\backend\vendor\laravel\framework\src\Illuminate\Testing\TestResponseAssert.php:45
C:\laragon\www\Web-Based-Intelligent-Conflict-Detection-and-Recommendation-System-for-Academic-Scheduling\backend\vendor\laravel\framework\src\Illuminate\Testing\TestResponse.php:175
C:\laragon\www\Web-Based-Intelligent-Conflict-Detection-and-Recommendation-System-for-Academic-Scheduling\backend\vendor\laravel\framework\src\Illuminate\Testing\Concerns\AssertsStatusCodes.php:16
C:\laragon\www\Web-Based-Intelligent-Conflict-Detection-and-Recommendation-System-for-Academic-Scheduling\backend\tests\Feature\YearLevelQueuedGenerationTest.php:142</failure>
        </testcase>
      </testsuite>
      <testsuite name="Tests\Feature\YearLevelScheduleGenerationTest" file="C:\laragon\www\Web-Based-Intelligent-Conflict-Detection-and-Recommendation-System-for-Academic-Scheduling\backend\tests\Feature\YearLevelScheduleGenerationTest.php" tests="7" assertions="7" errors="0" failures="7" skipped="0" time="1.499431">
        <testcase name="test_year_level_preview_keeps_section_course_modes_independent_and_rolls_back_staging_rows" file="C:\laragon\www\Web-Based-Intelligent-Conflict-Detection-and-Recommendation-System-for-Academic-Scheduling\backend\tests\Feature\YearLevelScheduleGenerationTest.php" line="20" class="Tests\Feature\YearLevelScheduleGenerationTest" classname="Tests.Feature.YearLevelScheduleGenerationTest" assertions="1" time="0.207892">
          <failure type="PHPUnit\Framework\ExpectationFailedException">Tests\Feature\YearLevelScheduleGenerationTest::test_year_level_preview_keeps_section_course_modes_independent_and_rolls_back_staging_rows&#13;
Expected response status code [200] but received 403.
Failed asserting that 403 is identical to 200.
&#13;
C:\laragon\www\Web-Based-Intelligent-Conflict-Detection-and-Recommendation-System-for-Academic-Scheduling\backend\vendor\laravel\framework\src\Illuminate\Testing\TestResponseAssert.php:45
C:\laragon\www\Web-Based-Intelligent-Conflict-Detection-and-Recommendation-System-for-Academic-Scheduling\backend\vendor\laravel\framework\src\Illuminate\Testing\TestResponse.php:175
C:\laragon\www\Web-Based-Intelligent-Conflict-Detection-and-Recommendation-System-for-Academic-Scheduling\backend\vendor\laravel\framework\src\Illuminate\Testing\Concerns\AssertsStatusCodes.php:16
C:\laragon\www\Web-Based-Intelligent-Conflict-Detection-and-Recommendation-System-for-Academic-Scheduling\backend\tests\Feature\YearLevelScheduleGenerationTest.php:42</failure>
        </testcase>
        <testcase name="test_year_level_preview_keeps_split_configuration_independent_per_section" file="C:\laragon\www\Web-Based-Intelligent-Conflict-Detection-and-Recommendation-System-for-Academic-Scheduling\backend\tests\Feature\YearLevelScheduleGenerationTest.php" line="94" class="Tests\Feature\YearLevelScheduleGenerationTest" classname="Tests.Feature.YearLevelScheduleGenerationTest" assertions="1" time="0.203115">
          <failure type="PHPUnit\Framework\ExpectationFailedException">Tests\Feature\YearLevelScheduleGenerationTest::test_year_level_preview_keeps_split_configuration_independent_per_section&#13;
Expected response status code [200] but received 403.
Failed asserting that 403 is identical to 200.
&#13;
C:\laragon\www\Web-Based-Intelligent-Conflict-Detection-and-Recommendation-System-for-Academic-Scheduling\backend\vendor\laravel\framework\src\Illuminate\Testing\TestResponseAssert.php:45
C:\laragon\www\Web-Based-Intelligent-Conflict-Detection-and-Recommendation-System-for-Academic-Scheduling\backend\vendor\laravel\framework\src\Illuminate\Testing\TestResponse.php:175
C:\laragon\www\Web-Based-Intelligent-Conflict-Detection-and-Recommendation-System-for-Academic-Scheduling\backend\vendor\laravel\framework\src\Illuminate\Testing\Concerns\AssertsStatusCodes.php:16
C:\laragon\www\Web-Based-Intelligent-Conflict-Detection-and-Recommendation-System-for-Academic-Scheduling\backend\tests\Feature\YearLevelScheduleGenerationTest.php:122</failure>
        </testcase>
        <testcase name="test_year_level_preview_handles_all_sections_with_split_laboratories" file="C:\laragon\www\Web-Based-Intelligent-Conflict-Detection-and-Recommendation-System-for-Academic-Scheduling\backend\tests\Feature\YearLevelScheduleGenerationTest.php" line="132" class="Tests\Feature\YearLevelScheduleGenerationTest" classname="Tests.Feature.YearLevelScheduleGenerationTest" assertions="1" time="0.226033">
          <failure type="PHPUnit\Framework\ExpectationFailedException">Tests\Feature\YearLevelScheduleGenerationTest::test_year_level_preview_handles_all_sections_with_split_laboratories&#13;
Expected response status code [200] but received 403.
Failed asserting that 403 is identical to 200.
&#13;
C:\laragon\www\Web-Based-Intelligent-Conflict-Detection-and-Recommendation-System-for-Academic-Scheduling\backend\vendor\laravel\framework\src\Illuminate\Testing\TestResponseAssert.php:45
C:\laragon\www\Web-Based-Intelligent-Conflict-Detection-and-Recommendation-System-for-Academic-Scheduling\backend\vendor\laravel\framework\src\Illuminate\Testing\TestResponse.php:175
C:\laragon\www\Web-Based-Intelligent-Conflict-Detection-and-Recommendation-System-for-Academic-Scheduling\backend\vendor\laravel\framework\src\Illuminate\Testing\Concerns\AssertsStatusCodes.php:16
C:\laragon\www\Web-Based-Intelligent-Conflict-Detection-and-Recommendation-System-for-Academic-Scheduling\backend\tests\Feature\YearLevelScheduleGenerationTest.php:193</failure>
        </testcase>
        <testcase name="test_year_level_preview_reallocates_sections_before_using_room_tba" file="C:\laragon\www\Web-Based-Intelligent-Conflict-Detection-and-Recommendation-System-for-Academic-Scheduling\backend\tests\Feature\YearLevelScheduleGenerationTest.php" line="211" class="Tests\Feature\YearLevelScheduleGenerationTest" classname="Tests.Feature.YearLevelScheduleGenerationTest" assertions="1" time="0.220950">
          <failure type="PHPUnit\Framework\ExpectationFailedException">Tests\Feature\YearLevelScheduleGenerationTest::test_year_level_preview_reallocates_sections_before_using_room_tba&#13;
Expected response status code [200] but received 403.
Failed asserting that 403 is identical to 200.
&#13;
C:\laragon\www\Web-Based-Intelligent-Conflict-Detection-and-Recommendation-System-for-Academic-Scheduling\backend\vendor\laravel\framework\src\Illuminate\Testing\TestResponseAssert.php:45
C:\laragon\www\Web-Based-Intelligent-Conflict-Detection-and-Recommendation-System-for-Academic-Scheduling\backend\vendor\laravel\framework\src\Illuminate\Testing\TestResponse.php:175
C:\laragon\www\Web-Based-Intelligent-Conflict-Detection-and-Recommendation-System-for-Academic-Scheduling\backend\vendor\laravel\framework\src\Illuminate\Testing\Concerns\AssertsStatusCodes.php:16
C:\laragon\www\Web-Based-Intelligent-Conflict-Detection-and-Recommendation-System-for-Academic-Scheduling\backend\tests\Feature\YearLevelScheduleGenerationTest.php:280</failure>
        </testcase>
        <testcase name="test_year_level_preview_handles_split_heavy_sections_for_every_year_level" file="C:\laragon\www\Web-Based-Intelligent-Conflict-Detection-and-Recommendation-System-for-Academic-Scheduling\backend\tests\Feature\YearLevelScheduleGenerationTest.php" line="288" class="Tests\Feature\YearLevelScheduleGenerationTest" classname="Tests.Feature.YearLevelScheduleGenerationTest" assertions="1" time="0.220108">
          <failure type="PHPUnit\Framework\ExpectationFailedException">Tests\Feature\YearLevelScheduleGenerationTest::test_year_level_preview_handles_split_heavy_sections_for_every_year_level&#13;
{
    "message": "Unauthorized"
}
Failed asserting that 403 is identical to 200.
&#13;
C:\laragon\www\Web-Based-Intelligent-Conflict-Detection-and-Recommendation-System-for-Academic-Scheduling\backend\tests\Feature\YearLevelScheduleGenerationTest.php:379</failure>
        </testcase>
        <testcase name="test_year_level_preview_handles_all_major_and_minor_courses_split" file="C:\laragon\www\Web-Based-Intelligent-Conflict-Detection-and-Recommendation-System-for-Academic-Scheduling\backend\tests\Feature\YearLevelScheduleGenerationTest.php" line="385" class="Tests\Feature\YearLevelScheduleGenerationTest" classname="Tests.Feature.YearLevelScheduleGenerationTest" assertions="1" time="0.219410">
          <failure type="PHPUnit\Framework\ExpectationFailedException">Tests\Feature\YearLevelScheduleGenerationTest::test_year_level_preview_handles_all_major_and_minor_courses_split&#13;
{
    "message": "Unauthorized"
}
Failed asserting that 403 is identical to 200.
&#13;
C:\laragon\www\Web-Based-Intelligent-Conflict-Detection-and-Recommendation-System-for-Academic-Scheduling\backend\tests\Feature\YearLevelScheduleGenerationTest.php:469</failure>
        </testcase>
        <testcase name="test_year_level_preview_applies_configured_minor_course_split_pattern" file="C:\laragon\www\Web-Based-Intelligent-Conflict-Detection-and-Recommendation-System-for-Academic-Scheduling\backend\tests\Feature\YearLevelScheduleGenerationTest.php" line="484" class="Tests\Feature\YearLevelScheduleGenerationTest" classname="Tests.Feature.YearLevelScheduleGenerationTest" assertions="1" time="0.201923">
          <failure type="PHPUnit\Framework\ExpectationFailedException">Tests\Feature\YearLevelScheduleGenerationTest::test_year_level_preview_applies_configured_minor_course_split_pattern&#13;
Expected response status code [200] but received 403.
Failed asserting that 403 is identical to 200.
&#13;
C:\laragon\www\Web-Based-Intelligent-Conflict-Detection-and-Recommendation-System-for-Academic-Scheduling\backend\vendor\laravel\framework\src\Illuminate\Testing\TestResponseAssert.php:45
C:\laragon\www\Web-Based-Intelligent-Conflict-Detection-and-Recommendation-System-for-Academic-Scheduling\backend\vendor\laravel\framework\src\Illuminate\Testing\TestResponse.php:175
C:\laragon\www\Web-Based-Intelligent-Conflict-Detection-and-Recommendation-System-for-Academic-Scheduling\backend\vendor\laravel\framework\src\Illuminate\Testing\Concerns\AssertsStatusCodes.php:16
C:\laragon\www\Web-Based-Intelligent-Conflict-Detection-and-Recommendation-System-for-Academic-Scheduling\backend\tests\Feature\YearLevelScheduleGenerationTest.php:527</failure>
        </testcase>
      </testsuite>
    </testsuite>
  </testsuite>
</testsuites>
